[ 2016-04-24T00:01:20+08:00 ] 127.0.0.1 /3s/index.php/Storage/Restock/exportOutOfStock.html
INFO: [ route_check ] --START--
INFO: CheckRoute Behavior ::run [ RunTime:0.002844s ]
INFO: [ route_check ] --END-- [ RunTime:0.003284s ]
NOTIC: [8192] preg_replace(): The /e modifier is deprecated, use preg_replace_callback instead C:\wamp\www\3S\ThinkPHP\Lib\Core\Dispatcher.class.php 第 132 行.
INFO: [ app_begin ] --START--
INFO: ReadHtmlCache Behavior ::run [ RunTime:0.002231s ]
INFO: [ app_begin ] --END-- [ RunTime:0.002610s ]
NOTIC: [8192] mysql_connect(): The mysql extension is deprecated and will be removed in the future: use mysqli or PDO instead C:\wamp\www\3S\ThinkPHP\Extend\Driver\Session\SessionDb.class.php 第 100 行.
NOTIC: [8] Undefined variable: outOfStock C:\wamp\www\3S\App\Lib\Action\Storage\RestockAction.class.php 第 70 行.
NOTIC: [8] Undefined variable: xlsTitle C:\wamp\www\3S\App\Lib\Action\Storage\RestockAction.class.php 第 54 行.

[ 2016-04-24T00:01:20+08:00 ] 127.0.0.1 /3s/index.php/Storage/Restock/exportOutOfStock.html
INFO: [ route_check ] --START--
INFO: CheckRoute Behavior ::run [ RunTime:0.002553s ]
INFO: [ route_check ] --END-- [ RunTime:0.002967s ]
NOTIC: [8192] preg_replace(): The /e modifier is deprecated, use preg_replace_callback instead C:\wamp\www\3S\ThinkPHP\Lib\Core\Dispatcher.class.php 第 132 行.
INFO: [ app_begin ] --START--
INFO: ReadHtmlCache Behavior ::run [ RunTime:0.002223s ]
INFO: [ app_begin ] --END-- [ RunTime:0.002601s ]
NOTIC: [8192] mysql_connect(): The mysql extension is deprecated and will be removed in the future: use mysqli or PDO instead C:\wamp\www\3S\ThinkPHP\Extend\Driver\Session\SessionDb.class.php 第 100 行.
NOTIC: [8] Undefined variable: outOfStock C:\wamp\www\3S\App\Lib\Action\Storage\RestockAction.class.php 第 70 行.
NOTIC: [8] Undefined variable: xlsTitle C:\wamp\www\3S\App\Lib\Action\Storage\RestockAction.class.php 第 54 行.

