[ 2016-04-26T11:34:14+08:00 ] 127.0.0.1 /3s/index.php/Storage/Restock/findOutOfStockItem.html
INFO: [ route_check ] --START--
INFO: CheckRoute Behavior ::run [ RunTime:0.002682s ]
INFO: [ route_check ] --END-- [ RunTime:0.003111s ]
NOTIC: [8192] preg_replace(): The /e modifier is deprecated, use preg_replace_callback instead C:\wamp\www\3S\ThinkPHP\Lib\Core\Dispatcher.class.php 第 132 行.
INFO: [ app_begin ] --START--
INFO: ReadHtmlCache Behavior ::run [ RunTime:0.002408s ]
INFO: [ app_begin ] --END-- [ RunTime:0.002794s ]
NOTIC: [8192] mysql_connect(): The mysql extension is deprecated and will be removed in the future: use mysqli or PDO instead C:\wamp\www\3S\ThinkPHP\Extend\Driver\Session\SessionDb.class.php 第 100 行.
NOTIC: [8] Undefined variable: file C:\wamp\www\3S\App\Lib\Action\Storage\RestockAction.class.php 第 106 行.
NOTIC: [8192] mysql_connect(): The mysql extension is deprecated and will be removed in the future: use mysqli or PDO instead C:\wamp\www\3S\ThinkPHP\Lib\Driver\Db\DbMysql.class.php 第 55 行.
SQL: SHOW COLUMNS FROM `3s_usstorage` [ RunTime:0.010782s ]
NOTIC: [8192] preg_replace(): The /e modifier is deprecated, use preg_replace_callback instead C:\wamp\www\3S\ThinkPHP\Lib\Core\Db.class.php 第 605 行.
SQL: SELECT * FROM `3s_usstorage`  [ RunTime:0.000756s ]
SQL: SHOW COLUMNS FROM `3s_product` [ RunTime:0.010860s ]
NOTIC: [8192] preg_replace(): The /e modifier is deprecated, use preg_replace_callback instead C:\wamp\www\3S\ThinkPHP\Lib\Core\Db.class.php 第 605 行.
SQL: SELECT `tous` FROM `3s_product` WHERE ( `sku` = '1303.01' ) LIMIT 1   [ RunTime:0.000691s ]
SQL: SHOW COLUMNS FROM `3s_ussw_outbound` [ RunTime:0.010392s ]
NOTIC: [8192] preg_replace(): The /e modifier is deprecated, use preg_replace_callback instead C:\wamp\www\3S\ThinkPHP\Lib\Core\Db.class.php 第 605 行.
NOTIC: [2] Invalid argument supplied for foreach() C:\wamp\www\3S\ThinkPHP\Lib\Core\Db.class.php 第 425 行.
SQL: SELECT * FROM `3s_ussw_outbound`  [ RunTime:0.000812s ]
SQL: SHOW COLUMNS FROM `3s_ussw_outbound_item` [ RunTime:0.010774s ]
NOTIC: [8192] preg_replace(): The /e modifier is deprecated, use preg_replace_callback instead C:\wamp\www\3S\ThinkPHP\Lib\Core\Db.class.php 第 605 行.
SQL: SELECT * FROM `3s_ussw_outbound_item` WHERE ( `outbound_id` = 21 )  [ RunTime:0.000721s ]
NOTIC: [8192] preg_replace(): The /e modifier is deprecated, use preg_replace_callback instead C:\wamp\www\3S\ThinkPHP\Lib\Core\Db.class.php 第 605 行.
SQL: SELECT * FROM `3s_ussw_outbound_item` WHERE ( `outbound_id` = 22 )  [ RunTime:0.000682s ]
NOTIC: [8192] preg_replace(): The /e modifier is deprecated, use preg_replace_callback instead C:\wamp\www\3S\ThinkPHP\Lib\Core\Db.class.php 第 605 行.
SQL: SELECT * FROM `3s_ussw_outbound_item` WHERE ( `outbound_id` = 24 )  [ RunTime:0.000661s ]
NOTIC: [8192] preg_replace(): The /e modifier is deprecated, use preg_replace_callback instead C:\wamp\www\3S\ThinkPHP\Lib\Core\Db.class.php 第 605 行.
SQL: SELECT * FROM `3s_ussw_outbound_item` WHERE ( `outbound_id` = 25 )  [ RunTime:0.000656s ]
NOTIC: [8192] preg_replace(): The /e modifier is deprecated, use preg_replace_callback instead C:\wamp\www\3S\ThinkPHP\Lib\Core\Db.class.php 第 605 行.
NOTIC: [2] Invalid argument supplied for foreach() C:\wamp\www\3S\ThinkPHP\Lib\Core\Db.class.php 第 425 行.
SQL: SELECT * FROM `3s_ussw_outbound`  [ RunTime:0.000745s ]
NOTIC: [8192] preg_replace(): The /e modifier is deprecated, use preg_replace_callback instead C:\wamp\www\3S\ThinkPHP\Lib\Core\Db.class.php 第 605 行.
SQL: SELECT * FROM `3s_ussw_outbound_item` WHERE ( `outbound_id` = 21 )  [ RunTime:0.000669s ]
NOTIC: [8192] preg_replace(): The /e modifier is deprecated, use preg_replace_callback instead C:\wamp\www\3S\ThinkPHP\Lib\Core\Db.class.php 第 605 行.
SQL: SELECT * FROM `3s_ussw_outbound_item` WHERE ( `outbound_id` = 22 )  [ RunTime:0.000669s ]
NOTIC: [8192] preg_replace(): The /e modifier is deprecated, use preg_replace_callback instead C:\wamp\www\3S\ThinkPHP\Lib\Core\Db.class.php 第 605 行.
SQL: SELECT * FROM `3s_ussw_outbound_item` WHERE ( `outbound_id` = 24 )  [ RunTime:0.000690s ]
NOTIC: [8192] preg_replace(): The /e modifier is deprecated, use preg_replace_callback instead C:\wamp\www\3S\ThinkPHP\Lib\Core\Db.class.php 第 605 行.
SQL: SELECT * FROM `3s_ussw_outbound_item` WHERE ( `outbound_id` = 25 )  [ RunTime:0.000659s ]
NOTIC: [8192] preg_replace(): The /e modifier is deprecated, use preg_replace_callback instead C:\wamp\www\3S\ThinkPHP\Lib\Core\Db.class.php 第 605 行.
NOTIC: [2] Invalid argument supplied for foreach() C:\wamp\www\3S\ThinkPHP\Lib\Core\Db.class.php 第 425 行.
SQL: SELECT * FROM `3s_ussw_outbound`  [ RunTime:0.000898s ]
NOTIC: [8192] preg_replace(): The /e modifier is deprecated, use preg_replace_callback instead C:\wamp\www\3S\ThinkPHP\Lib\Core\Db.class.php 第 605 行.
SQL: SELECT * FROM `3s_ussw_outbound_item` WHERE ( `outbound_id` = 21 )  [ RunTime:0.000681s ]
NOTIC: [8192] preg_replace(): The /e modifier is deprecated, use preg_replace_callback instead C:\wamp\www\3S\ThinkPHP\Lib\Core\Db.class.php 第 605 行.
SQL: SELECT * FROM `3s_ussw_outbound_item` WHERE ( `outbound_id` = 22 )  [ RunTime:0.000673s ]
NOTIC: [8192] preg_replace(): The /e modifier is deprecated, use preg_replace_callback instead C:\wamp\www\3S\ThinkPHP\Lib\Core\Db.class.php 第 605 行.
SQL: SELECT * FROM `3s_ussw_outbound_item` WHERE ( `outbound_id` = 24 )  [ RunTime:0.000664s ]
NOTIC: [8192] preg_replace(): The /e modifier is deprecated, use preg_replace_callback instead C:\wamp\www\3S\ThinkPHP\Lib\Core\Db.class.php 第 605 行.
SQL: SELECT * FROM `3s_ussw_outbound_item` WHERE ( `outbound_id` = 25 )  [ RunTime:0.000668s ]
NOTIC: [2] Invalid argument supplied for foreach() C:\wamp\www\3S\App\Lib\Action\Storage\RestockAction.class.php 第 300 行.
SQL: SHOW COLUMNS FROM `3s_restock` [ RunTime:0.011228s ]
NOTIC: [8192] preg_replace(): The /e modifier is deprecated, use preg_replace_callback instead C:\wamp\www\3S\ThinkPHP\Lib\Core\Db.class.php 第 605 行.
SQL: SELECT * FROM `3s_restock`  [ RunTime:0.000666s ]
NOTIC: [8] Undefined variable: warehouse C:\wamp\www\3S\App\Lib\Action\Storage\RestockAction.class.php 第 311 行.
NOTIC: [2] Missing argument 2 for RestockAction::isInPurchaseItem(), called in C:\wamp\www\3S\App\Lib\Action\Storage\RestockAction.class.php on line 331 and defined C:\wamp\www\3S\App\Lib\Action\Storage\RestockAction.class.php 第 318 行.
SQL: SHOW COLUMNS FROM `3s_purchase_item` [ RunTime:0.010881s ]
NOTIC: [8192] preg_replace(): The /e modifier is deprecated, use preg_replace_callback instead C:\wamp\www\3S\ThinkPHP\Lib\Core\Db.class.php 第 605 行.
SQL: SELECT * FROM `3s_purchase_item`  [ RunTime:0.000720s ]
NOTIC: [8] Undefined variable: warehouse C:\wamp\www\3S\App\Lib\Action\Storage\RestockAction.class.php 第 321 行.
NOTIC: [8] Undefined variable: warehouse C:\wamp\www\3S\App\Lib\Action\Storage\RestockAction.class.php 第 321 行.
NOTIC: [8] Undefined variable: warehouse C:\wamp\www\3S\App\Lib\Action\Storage\RestockAction.class.php 第 321 行.
NOTIC: [8] Undefined variable: warehouse C:\wamp\www\3S\App\Lib\Action\Storage\RestockAction.class.php 第 321 行.
NOTIC: [8] Undefined variable: warehouse C:\wamp\www\3S\App\Lib\Action\Storage\RestockAction.class.php 第 321 行.
NOTIC: [8] Undefined variable: warehouse C:\wamp\www\3S\App\Lib\Action\Storage\RestockAction.class.php 第 321 行.
NOTIC: [8] Undefined variable: warehouse C:\wamp\www\3S\App\Lib\Action\Storage\RestockAction.class.php 第 321 行.
NOTIC: [8] Undefined variable: warehouse C:\wamp\www\3S\App\Lib\Action\Storage\RestockAction.class.php 第 321 行.
NOTIC: [8] Undefined variable: warehouse C:\wamp\www\3S\App\Lib\Action\Storage\RestockAction.class.php 第 321 行.
NOTIC: [8] Undefined variable: warehouse C:\wamp\www\3S\App\Lib\Action\Storage\RestockAction.class.php 第 321 行.
NOTIC: [8192] preg_replace(): The /e modifier is deprecated, use preg_replace_callback instead C:\wamp\www\3S\ThinkPHP\Lib\Core\Db.class.php 第 605 行.
NOTIC: [2] Invalid argument supplied for foreach() C:\wamp\www\3S\ThinkPHP\Lib\Core\Db.class.php 第 425 行.
SQL: SELECT * FROM `3s_ussw_outbound`  [ RunTime:0.000736s ]
NOTIC: [8192] preg_replace(): The /e modifier is deprecated, use preg_replace_callback instead C:\wamp\www\3S\ThinkPHP\Lib\Core\Db.class.php 第 605 行.
SQL: SELECT * FROM `3s_ussw_outbound_item` WHERE ( `outbound_id` = 21 )  [ RunTime:0.000675s ]
NOTIC: [8192] preg_replace(): The /e modifier is deprecated, use preg_replace_callback instead C:\wamp\www\3S\ThinkPHP\Lib\Core\Db.class.php 第 605 行.
SQL: SELECT * FROM `3s_ussw_outbound_item` WHERE ( `outbound_id` = 22 )  [ RunTime:0.000669s ]
NOTIC: [8192] preg_replace(): The /e modifier is deprecated, use preg_replace_callback instead C:\wamp\www\3S\ThinkPHP\Lib\Core\Db.class.php 第 605 行.
SQL: SELECT * FROM `3s_ussw_outbound_item` WHERE ( `outbound_id` = 24 )  [ RunTime:0.000663s ]
NOTIC: [8192] preg_replace(): The /e modifier is deprecated, use preg_replace_callback instead C:\wamp\www\3S\ThinkPHP\Lib\Core\Db.class.php 第 605 行.
SQL: SELECT * FROM `3s_ussw_outbound_item` WHERE ( `outbound_id` = 25 )  [ RunTime:0.000729s ]
NOTIC: [8192] preg_replace(): The /e modifier is deprecated, use preg_replace_callback instead C:\wamp\www\3S\ThinkPHP\Lib\Core\Db.class.php 第 605 行.
SQL: SELECT `manager` FROM `3s_product` WHERE ( `sku` = '1303.01' ) LIMIT 1   [ RunTime:0.000626s ]
NOTIC: [8192] preg_replace(): The /e modifier is deprecated, use preg_replace_callback instead C:\wamp\www\3S\ThinkPHP\Lib\Core\Db.class.php 第 605 行.
SQL: SELECT `tous` FROM `3s_product` WHERE ( `sku` = '1304.01' ) LIMIT 1   [ RunTime:0.000602s ]
NOTIC: [8192] preg_replace(): The /e modifier is deprecated, use preg_replace_callback instead C:\wamp\www\3S\ThinkPHP\Lib\Core\Db.class.php 第 605 行.
NOTIC: [2] Invalid argument supplied for foreach() C:\wamp\www\3S\ThinkPHP\Lib\Core\Db.class.php 第 425 行.
SQL: SELECT * FROM `3s_ussw_outbound`  [ RunTime:0.000738s ]
NOTIC: [8192] preg_replace(): The /e modifier is deprecated, use preg_replace_callback instead C:\wamp\www\3S\ThinkPHP\Lib\Core\Db.class.php 第 605 行.
SQL: SELECT * FROM `3s_ussw_outbound_item` WHERE ( `outbound_id` = 21 )  [ RunTime:0.000668s ]
NOTIC: [8192] preg_replace(): The /e modifier is deprecated, use preg_replace_callback instead C:\wamp\www\3S\ThinkPHP\Lib\Core\Db.class.php 第 605 行.
SQL: SELECT * FROM `3s_ussw_outbound_item` WHERE ( `outbound_id` = 22 )  [ RunTime:0.000662s ]
NOTIC: [8192] preg_replace(): The /e modifier is deprecated, use preg_replace_callback instead C:\wamp\www\3S\ThinkPHP\Lib\Core\Db.class.php 第 605 行.
SQL: SELECT * FROM `3s_ussw_outbound_item` WHERE ( `outbound_id` = 24 )  [ RunTime:0.000661s ]
NOTIC: [8192] preg_replace(): The /e modifier is deprecated, use preg_replace_callback instead C:\wamp\www\3S\ThinkPHP\Lib\Core\Db.class.php 第 605 行.
SQL: SELECT * FROM `3s_ussw_outbound_item` WHERE ( `outbound_id` = 25 )  [ RunTime:0.000637s ]
NOTIC: [8] Undefined index:  C:\wamp\www\3S\App\Lib\Action\Storage\RestockAction.class.php 第 223 行.
NOTIC: [8192] preg_replace(): The /e modifier is deprecated, use preg_replace_callback instead C:\wamp\www\3S\ThinkPHP\Lib\Core\Db.class.php 第 605 行.
NOTIC: [2] Invalid argument supplied for foreach() C:\wamp\www\3S\ThinkPHP\Lib\Core\Db.class.php 第 425 行.
SQL: SELECT * FROM `3s_ussw_outbound`  [ RunTime:0.000744s ]
NOTIC: [8192] preg_replace(): The /e modifier is deprecated, use preg_replace_callback instead C:\wamp\www\3S\ThinkPHP\Lib\Core\Db.class.php 第 605 行.
SQL: SELECT * FROM `3s_ussw_outbound_item` WHERE ( `outbound_id` = 21 )  [ RunTime:0.000766s ]
NOTIC: [8192] preg_replace(): The /e modifier is deprecated, use preg_replace_callback instead C:\wamp\www\3S\ThinkPHP\Lib\Core\Db.class.php 第 605 行.
SQL: SELECT * FROM `3s_ussw_outbound_item` WHERE ( `outbound_id` = 22 )  [ RunTime:0.000689s ]
NOTIC: [8192] preg_replace(): The /e modifier is deprecated, use preg_replace_callback instead C:\wamp\www\3S\ThinkPHP\Lib\Core\Db.class.php 第 605 行.
SQL: SELECT * FROM `3s_ussw_outbound_item` WHERE ( `outbound_id` = 24 )  [ RunTime:0.000689s ]
NOTIC: [8192] preg_replace(): The /e modifier is deprecated, use preg_replace_callback instead C:\wamp\www\3S\ThinkPHP\Lib\Core\Db.class.php 第 605 行.
SQL: SELECT * FROM `3s_ussw_outbound_item` WHERE ( `outbound_id` = 25 )  [ RunTime:0.000672s ]
NOTIC: [8192] preg_replace(): The /e modifier is deprecated, use preg_replace_callback instead C:\wamp\www\3S\ThinkPHP\Lib\Core\Db.class.php 第 605 行.
SQL: SELECT `tous` FROM `3s_product` WHERE ( `sku` = '1303.02' ) LIMIT 1   [ RunTime:0.000635s ]
NOTIC: [8192] preg_replace(): The /e modifier is deprecated, use preg_replace_callback instead C:\wamp\www\3S\ThinkPHP\Lib\Core\Db.class.php 第 605 行.
NOTIC: [2] Invalid argument supplied for foreach() C:\wamp\www\3S\ThinkPHP\Lib\Core\Db.class.php 第 425 行.
SQL: SELECT * FROM `3s_ussw_outbound`  [ RunTime:0.000742s ]
NOTIC: [8192] preg_replace(): The /e modifier is deprecated, use preg_replace_callback instead C:\wamp\www\3S\ThinkPHP\Lib\Core\Db.class.php 第 605 行.
SQL: SELECT * FROM `3s_ussw_outbound_item` WHERE ( `outbound_id` = 21 )  [ RunTime:0.000653s ]
NOTIC: [8192] preg_replace(): The /e modifier is deprecated, use preg_replace_callback instead C:\wamp\www\3S\ThinkPHP\Lib\Core\Db.class.php 第 605 行.
SQL: SELECT * FROM `3s_ussw_outbound_item` WHERE ( `outbound_id` = 22 )  [ RunTime:0.000665s ]
NOTIC: [8192] preg_replace(): The /e modifier is deprecated, use preg_replace_callback instead C:\wamp\www\3S\ThinkPHP\Lib\Core\Db.class.php 第 605 行.
SQL: SELECT * FROM `3s_ussw_outbound_item` WHERE ( `outbound_id` = 24 )  [ RunTime:0.000658s ]
NOTIC: [8192] preg_replace(): The /e modifier is deprecated, use preg_replace_callback instead C:\wamp\www\3S\ThinkPHP\Lib\Core\Db.class.php 第 605 行.
SQL: SELECT * FROM `3s_ussw_outbound_item` WHERE ( `outbound_id` = 25 )  [ RunTime:0.000669s ]
NOTIC: [8] Undefined index:  C:\wamp\www\3S\App\Lib\Action\Storage\RestockAction.class.php 第 223 行.
NOTIC: [8192] preg_replace(): The /e modifier is deprecated, use preg_replace_callback instead C:\wamp\www\3S\ThinkPHP\Lib\Core\Db.class.php 第 605 行.
NOTIC: [2] Invalid argument supplied for foreach() C:\wamp\www\3S\ThinkPHP\Lib\Core\Db.class.php 第 425 行.
SQL: SELECT * FROM `3s_ussw_outbound`  [ RunTime:0.000721s ]
NOTIC: [8192] preg_replace(): The /e modifier is deprecated, use preg_replace_callback instead C:\wamp\www\3S\ThinkPHP\Lib\Core\Db.class.php 第 605 行.
SQL: SELECT * FROM `3s_ussw_outbound_item` WHERE ( `outbound_id` = 21 )  [ RunTime:0.000671s ]
NOTIC: [8192] preg_replace(): The /e modifier is deprecated, use preg_replace_callback instead C:\wamp\www\3S\ThinkPHP\Lib\Core\Db.class.php 第 605 行.
SQL: SELECT * FROM `3s_ussw_outbound_item` WHERE ( `outbound_id` = 22 )  [ RunTime:0.000670s ]
NOTIC: [8192] preg_replace(): The /e modifier is deprecated, use preg_replace_callback instead C:\wamp\www\3S\ThinkPHP\Lib\Core\Db.class.php 第 605 行.
SQL: SELECT * FROM `3s_ussw_outbound_item` WHERE ( `outbound_id` = 24 )  [ RunTime:0.000658s ]
NOTIC: [8192] preg_replace(): The /e modifier is deprecated, use preg_replace_callback instead C:\wamp\www\3S\ThinkPHP\Lib\Core\Db.class.php 第 605 行.
SQL: SELECT * FROM `3s_ussw_outbound_item` WHERE ( `outbound_id` = 25 )  [ RunTime:0.000655s ]
NOTIC: [8192] preg_replace(): The /e modifier is deprecated, use preg_replace_callback instead C:\wamp\www\3S\ThinkPHP\Lib\Core\Db.class.php 第 605 行.
SQL: SELECT `tous` FROM `3s_product` WHERE ( `sku` = '1303.01' ) LIMIT 1   [ RunTime:0.000648s ]
NOTIC: [8192] preg_replace(): The /e modifier is deprecated, use preg_replace_callback instead C:\wamp\www\3S\ThinkPHP\Lib\Core\Db.class.php 第 605 行.
NOTIC: [2] Invalid argument supplied for foreach() C:\wamp\www\3S\ThinkPHP\Lib\Core\Db.class.php 第 425 行.
SQL: SELECT * FROM `3s_ussw_outbound`  [ RunTime:0.000755s ]
NOTIC: [8192] preg_replace(): The /e modifier is deprecated, use preg_replace_callback instead C:\wamp\www\3S\ThinkPHP\Lib\Core\Db.class.php 第 605 行.
SQL: SELECT * FROM `3s_ussw_outbound_item` WHERE ( `outbound_id` = 21 )  [ RunTime:0.000651s ]
NOTIC: [8192] preg_replace(): The /e modifier is deprecated, use preg_replace_callback instead C:\wamp\www\3S\ThinkPHP\Lib\Core\Db.class.php 第 605 行.
SQL: SELECT * FROM `3s_ussw_outbound_item` WHERE ( `outbound_id` = 22 )  [ RunTime:0.000677s ]
NOTIC: [8192] preg_replace(): The /e modifier is deprecated, use preg_replace_callback instead C:\wamp\www\3S\ThinkPHP\Lib\Core\Db.class.php 第 605 行.
SQL: SELECT * FROM `3s_ussw_outbound_item` WHERE ( `outbound_id` = 24 )  [ RunTime:0.000697s ]
NOTIC: [8192] preg_replace(): The /e modifier is deprecated, use preg_replace_callback instead C:\wamp\www\3S\ThinkPHP\Lib\Core\Db.class.php 第 605 行.
SQL: SELECT * FROM `3s_ussw_outbound_item` WHERE ( `outbound_id` = 25 )  [ RunTime:0.000663s ]
NOTIC: [8192] preg_replace(): The /e modifier is deprecated, use preg_replace_callback instead C:\wamp\www\3S\ThinkPHP\Lib\Core\Db.class.php 第 605 行.
NOTIC: [2] Invalid argument supplied for foreach() C:\wamp\www\3S\ThinkPHP\Lib\Core\Db.class.php 第 425 行.
SQL: SELECT * FROM `3s_ussw_outbound`  [ RunTime:0.000729s ]
NOTIC: [8192] preg_replace(): The /e modifier is deprecated, use preg_replace_callback instead C:\wamp\www\3S\ThinkPHP\Lib\Core\Db.class.php 第 605 行.
SQL: SELECT * FROM `3s_ussw_outbound_item` WHERE ( `outbound_id` = 21 )  [ RunTime:0.000726s ]
NOTIC: [8192] preg_replace(): The /e modifier is deprecated, use preg_replace_callback instead C:\wamp\www\3S\ThinkPHP\Lib\Core\Db.class.php 第 605 行.
SQL: SELECT * FROM `3s_ussw_outbound_item` WHERE ( `outbound_id` = 22 )  [ RunTime:0.000661s ]
NOTIC: [8192] preg_replace(): The /e modifier is deprecated, use preg_replace_callback instead C:\wamp\www\3S\ThinkPHP\Lib\Core\Db.class.php 第 605 行.
SQL: SELECT * FROM `3s_ussw_outbound_item` WHERE ( `outbound_id` = 24 )  [ RunTime:0.000638s ]
NOTIC: [8192] preg_replace(): The /e modifier is deprecated, use preg_replace_callback instead C:\wamp\www\3S\ThinkPHP\Lib\Core\Db.class.php 第 605 行.
SQL: SELECT * FROM `3s_ussw_outbound_item` WHERE ( `outbound_id` = 25 )  [ RunTime:0.000654s ]
NOTIC: [8192] preg_replace(): The /e modifier is deprecated, use preg_replace_callback instead C:\wamp\www\3S\ThinkPHP\Lib\Core\Db.class.php 第 605 行.
NOTIC: [2] Invalid argument supplied for foreach() C:\wamp\www\3S\ThinkPHP\Lib\Core\Db.class.php 第 425 行.
SQL: SELECT * FROM `3s_ussw_outbound`  [ RunTime:0.000722s ]
NOTIC: [8192] preg_replace(): The /e modifier is deprecated, use preg_replace_callback instead C:\wamp\www\3S\ThinkPHP\Lib\Core\Db.class.php 第 605 行.
SQL: SELECT * FROM `3s_ussw_outbound_item` WHERE ( `outbound_id` = 21 )  [ RunTime:0.000717s ]
NOTIC: [8192] preg_replace(): The /e modifier is deprecated, use preg_replace_callback instead C:\wamp\www\3S\ThinkPHP\Lib\Core\Db.class.php 第 605 行.
SQL: SELECT * FROM `3s_ussw_outbound_item` WHERE ( `outbound_id` = 22 )  [ RunTime:0.000671s ]
NOTIC: [8192] preg_replace(): The /e modifier is deprecated, use preg_replace_callback instead C:\wamp\www\3S\ThinkPHP\Lib\Core\Db.class.php 第 605 行.
SQL: SELECT * FROM `3s_ussw_outbound_item` WHERE ( `outbound_id` = 24 )  [ RunTime:0.000666s ]
NOTIC: [8192] preg_replace(): The /e modifier is deprecated, use preg_replace_callback instead C:\wamp\www\3S\ThinkPHP\Lib\Core\Db.class.php 第 605 行.
SQL: SELECT * FROM `3s_ussw_outbound_item` WHERE ( `outbound_id` = 25 )  [ RunTime:0.000697s ]
NOTIC: [8192] preg_replace(): The /e modifier is deprecated, use preg_replace_callback instead C:\wamp\www\3S\ThinkPHP\Lib\Core\Db.class.php 第 605 行.
SQL: SELECT `tous` FROM `3s_product` WHERE ( `sku` = '1280' ) LIMIT 1   [ RunTime:0.000644s ]
NOTIC: [8192] preg_replace(): The /e modifier is deprecated, use preg_replace_callback instead C:\wamp\www\3S\ThinkPHP\Lib\Core\Db.class.php 第 605 行.
NOTIC: [2] Invalid argument supplied for foreach() C:\wamp\www\3S\ThinkPHP\Lib\Core\Db.class.php 第 425 行.
SQL: SELECT * FROM `3s_ussw_outbound`  [ RunTime:0.000730s ]
NOTIC: [8192] preg_replace(): The /e modifier is deprecated, use preg_replace_callback instead C:\wamp\www\3S\ThinkPHP\Lib\Core\Db.class.php 第 605 行.
SQL: SELECT * FROM `3s_ussw_outbound_item` WHERE ( `outbound_id` = 21 )  [ RunTime:0.000650s ]
NOTIC: [8192] preg_replace(): The /e modifier is deprecated, use preg_replace_callback instead C:\wamp\www\3S\ThinkPHP\Lib\Core\Db.class.php 第 605 行.
SQL: SELECT * FROM `3s_ussw_outbound_item` WHERE ( `outbound_id` = 22 )  [ RunTime:0.000647s ]
NOTIC: [8192] preg_replace(): The /e modifier is deprecated, use preg_replace_callback instead C:\wamp\www\3S\ThinkPHP\Lib\Core\Db.class.php 第 605 行.
SQL: SELECT * FROM `3s_ussw_outbound_item` WHERE ( `outbound_id` = 24 )  [ RunTime:0.000667s ]
NOTIC: [8192] preg_replace(): The /e modifier is deprecated, use preg_replace_callback instead C:\wamp\www\3S\ThinkPHP\Lib\Core\Db.class.php 第 605 行.
SQL: SELECT * FROM `3s_ussw_outbound_item` WHERE ( `outbound_id` = 25 )  [ RunTime:0.000677s ]
NOTIC: [8192] preg_replace(): The /e modifier is deprecated, use preg_replace_callback instead C:\wamp\www\3S\ThinkPHP\Lib\Core\Db.class.php 第 605 行.
NOTIC: [2] Invalid argument supplied for foreach() C:\wamp\www\3S\ThinkPHP\Lib\Core\Db.class.php 第 425 行.
SQL: SELECT * FROM `3s_ussw_outbound`  [ RunTime:0.000744s ]
NOTIC: [8192] preg_replace(): The /e modifier is deprecated, use preg_replace_callback instead C:\wamp\www\3S\ThinkPHP\Lib\Core\Db.class.php 第 605 行.
SQL: SELECT * FROM `3s_ussw_outbound_item` WHERE ( `outbound_id` = 21 )  [ RunTime:0.000667s ]
NOTIC: [8192] preg_replace(): The /e modifier is deprecated, use preg_replace_callback instead C:\wamp\www\3S\ThinkPHP\Lib\Core\Db.class.php 第 605 行.
SQL: SELECT * FROM `3s_ussw_outbound_item` WHERE ( `outbound_id` = 22 )  [ RunTime:0.000656s ]
NOTIC: [8192] preg_replace(): The /e modifier is deprecated, use preg_replace_callback instead C:\wamp\www\3S\ThinkPHP\Lib\Core\Db.class.php 第 605 行.
SQL: SELECT * FROM `3s_ussw_outbound_item` WHERE ( `outbound_id` = 24 )  [ RunTime:0.000651s ]
NOTIC: [8192] preg_replace(): The /e modifier is deprecated, use preg_replace_callback instead C:\wamp\www\3S\ThinkPHP\Lib\Core\Db.class.php 第 605 行.
SQL: SELECT * FROM `3s_ussw_outbound_item` WHERE ( `outbound_id` = 25 )  [ RunTime:0.000688s ]
NOTIC: [8192] preg_replace(): The /e modifier is deprecated, use preg_replace_callback instead C:\wamp\www\3S\ThinkPHP\Lib\Core\Db.class.php 第 605 行.
SQL: SELECT `tous` FROM `3s_product` WHERE ( `sku` = '1304.03' ) LIMIT 1   [ RunTime:0.000622s ]
NOTIC: [8192] preg_replace(): The /e modifier is deprecated, use preg_replace_callback instead C:\wamp\www\3S\ThinkPHP\Lib\Core\Db.class.php 第 605 行.
NOTIC: [2] Invalid argument supplied for foreach() C:\wamp\www\3S\ThinkPHP\Lib\Core\Db.class.php 第 425 行.
SQL: SELECT * FROM `3s_ussw_outbound`  [ RunTime:0.000737s ]
NOTIC: [8192] preg_replace(): The /e modifier is deprecated, use preg_replace_callback instead C:\wamp\www\3S\ThinkPHP\Lib\Core\Db.class.php 第 605 行.
SQL: SELECT * FROM `3s_ussw_outbound_item` WHERE ( `outbound_id` = 21 )  [ RunTime:0.000659s ]
NOTIC: [8192] preg_replace(): The /e modifier is deprecated, use preg_replace_callback instead C:\wamp\www\3S\ThinkPHP\Lib\Core\Db.class.php 第 605 行.
SQL: SELECT * FROM `3s_ussw_outbound_item` WHERE ( `outbound_id` = 22 )  [ RunTime:0.000682s ]
NOTIC: [8192] preg_replace(): The /e modifier is deprecated, use preg_replace_callback instead C:\wamp\www\3S\ThinkPHP\Lib\Core\Db.class.php 第 605 行.
SQL: SELECT * FROM `3s_ussw_outbound_item` WHERE ( `outbound_id` = 24 )  [ RunTime:0.000709s ]
NOTIC: [8192] preg_replace(): The /e modifier is deprecated, use preg_replace_callback instead C:\wamp\www\3S\ThinkPHP\Lib\Core\Db.class.php 第 605 行.
SQL: SELECT * FROM `3s_ussw_outbound_item` WHERE ( `outbound_id` = 25 )  [ RunTime:0.000669s ]
NOTIC: [8192] preg_replace(): The /e modifier is deprecated, use preg_replace_callback instead C:\wamp\www\3S\ThinkPHP\Lib\Core\Db.class.php 第 605 行.
NOTIC: [2] Invalid argument supplied for foreach() C:\wamp\www\3S\ThinkPHP\Lib\Core\Db.class.php 第 425 行.
SQL: SELECT * FROM `3s_ussw_outbound`  [ RunTime:0.000740s ]
NOTIC: [8192] preg_replace(): The /e modifier is deprecated, use preg_replace_callback instead C:\wamp\www\3S\ThinkPHP\Lib\Core\Db.class.php 第 605 行.
SQL: SELECT * FROM `3s_ussw_outbound_item` WHERE ( `outbound_id` = 21 )  [ RunTime:0.000666s ]
NOTIC: [8192] preg_replace(): The /e modifier is deprecated, use preg_replace_callback instead C:\wamp\www\3S\ThinkPHP\Lib\Core\Db.class.php 第 605 行.
SQL: SELECT * FROM `3s_ussw_outbound_item` WHERE ( `outbound_id` = 22 )  [ RunTime:0.000664s ]
NOTIC: [8192] preg_replace(): The /e modifier is deprecated, use preg_replace_callback instead C:\wamp\www\3S\ThinkPHP\Lib\Core\Db.class.php 第 605 行.
SQL: SELECT * FROM `3s_ussw_outbound_item` WHERE ( `outbound_id` = 24 )  [ RunTime:0.000659s ]
NOTIC: [8192] preg_replace(): The /e modifier is deprecated, use preg_replace_callback instead C:\wamp\www\3S\ThinkPHP\Lib\Core\Db.class.php 第 605 行.
SQL: SELECT * FROM `3s_ussw_outbound_item` WHERE ( `outbound_id` = 25 )  [ RunTime:0.000650s ]
NOTIC: [8192] preg_replace(): The /e modifier is deprecated, use preg_replace_callback instead C:\wamp\www\3S\ThinkPHP\Lib\Core\Db.class.php 第 605 行.
NOTIC: [2] Invalid argument supplied for foreach() C:\wamp\www\3S\ThinkPHP\Lib\Core\Db.class.php 第 425 行.
SQL: SELECT * FROM `3s_ussw_outbound`  [ RunTime:0.000774s ]
NOTIC: [8192] preg_replace(): The /e modifier is deprecated, use preg_replace_callback instead C:\wamp\www\3S\ThinkPHP\Lib\Core\Db.class.php 第 605 行.
SQL: SELECT * FROM `3s_ussw_outbound_item` WHERE ( `outbound_id` = 21 )  [ RunTime:0.000683s ]
NOTIC: [8192] preg_replace(): The /e modifier is deprecated, use preg_replace_callback instead C:\wamp\www\3S\ThinkPHP\Lib\Core\Db.class.php 第 605 行.
SQL: SELECT * FROM `3s_ussw_outbound_item` WHERE ( `outbound_id` = 22 )  [ RunTime:0.000655s ]
NOTIC: [8192] preg_replace(): The /e modifier is deprecated, use preg_replace_callback instead C:\wamp\www\3S\ThinkPHP\Lib\Core\Db.class.php 第 605 行.
SQL: SELECT * FROM `3s_ussw_outbound_item` WHERE ( `outbound_id` = 24 )  [ RunTime:0.000654s ]
NOTIC: [8192] preg_replace(): The /e modifier is deprecated, use preg_replace_callback instead C:\wamp\www\3S\ThinkPHP\Lib\Core\Db.class.php 第 605 行.
SQL: SELECT * FROM `3s_ussw_outbound_item` WHERE ( `outbound_id` = 25 )  [ RunTime:0.000687s ]
NOTIC: [8192] preg_replace(): The /e modifier is deprecated, use preg_replace_callback instead C:\wamp\www\3S\ThinkPHP\Lib\Core\Db.class.php 第 605 行.
SQL: SELECT `tous` FROM `3s_product` WHERE ( `sku` = '1304.02' ) LIMIT 1   [ RunTime:0.000630s ]
NOTIC: [8192] preg_replace(): The /e modifier is deprecated, use preg_replace_callback instead C:\wamp\www\3S\ThinkPHP\Lib\Core\Db.class.php 第 605 行.
NOTIC: [2] Invalid argument supplied for foreach() C:\wamp\www\3S\ThinkPHP\Lib\Core\Db.class.php 第 425 行.
SQL: SELECT * FROM `3s_ussw_outbound`  [ RunTime:0.000741s ]
NOTIC: [8192] preg_replace(): The /e modifier is deprecated, use preg_replace_callback instead C:\wamp\www\3S\ThinkPHP\Lib\Core\Db.class.php 第 605 行.
SQL: SELECT * FROM `3s_ussw_outbound_item` WHERE ( `outbound_id` = 21 )  [ RunTime:0.000651s ]
NOTIC: [8192] preg_replace(): The /e modifier is deprecated, use preg_replace_callback instead C:\wamp\www\3S\ThinkPHP\Lib\Core\Db.class.php 第 605 行.
SQL: SELECT * FROM `3s_ussw_outbound_item` WHERE ( `outbound_id` = 22 )  [ RunTime:0.000745s ]
NOTIC: [8192] preg_replace(): The /e modifier is deprecated, use preg_replace_callback instead C:\wamp\www\3S\ThinkPHP\Lib\Core\Db.class.php 第 605 行.
SQL: SELECT * FROM `3s_ussw_outbound_item` WHERE ( `outbound_id` = 24 )  [ RunTime:0.000658s ]
NOTIC: [8192] preg_replace(): The /e modifier is deprecated, use preg_replace_callback instead C:\wamp\www\3S\ThinkPHP\Lib\Core\Db.class.php 第 605 行.
SQL: SELECT * FROM `3s_ussw_outbound_item` WHERE ( `outbound_id` = 25 )  [ RunTime:0.000665s ]
NOTIC: [8] Undefined index:  C:\wamp\www\3S\App\Lib\Action\Storage\RestockAction.class.php 第 223 行.
NOTIC: [8192] preg_replace(): The /e modifier is deprecated, use preg_replace_callback instead C:\wamp\www\3S\ThinkPHP\Lib\Core\Db.class.php 第 605 行.
NOTIC: [2] Invalid argument supplied for foreach() C:\wamp\www\3S\ThinkPHP\Lib\Core\Db.class.php 第 425 行.
SQL: SELECT * FROM `3s_ussw_outbound`  [ RunTime:0.000773s ]
NOTIC: [8192] preg_replace(): The /e modifier is deprecated, use preg_replace_callback instead C:\wamp\www\3S\ThinkPHP\Lib\Core\Db.class.php 第 605 行.
SQL: SELECT * FROM `3s_ussw_outbound_item` WHERE ( `outbound_id` = 21 )  [ RunTime:0.000678s ]
NOTIC: [8192] preg_replace(): The /e modifier is deprecated, use preg_replace_callback instead C:\wamp\www\3S\ThinkPHP\Lib\Core\Db.class.php 第 605 行.
SQL: SELECT * FROM `3s_ussw_outbound_item` WHERE ( `outbound_id` = 22 )  [ RunTime:0.000667s ]
NOTIC: [8192] preg_replace(): The /e modifier is deprecated, use preg_replace_callback instead C:\wamp\www\3S\ThinkPHP\Lib\Core\Db.class.php 第 605 行.
SQL: SELECT * FROM `3s_ussw_outbound_item` WHERE ( `outbound_id` = 24 )  [ RunTime:0.000662s ]
NOTIC: [8192] preg_replace(): The /e modifier is deprecated, use preg_replace_callback instead C:\wamp\www\3S\ThinkPHP\Lib\Core\Db.class.php 第 605 行.
SQL: SELECT * FROM `3s_ussw_outbound_item` WHERE ( `outbound_id` = 25 )  [ RunTime:0.000711s ]

[ 2016-04-26T11:34:57+08:00 ] 127.0.0.1 /3s/index.php/Storage/Restock/importStorage.html
INFO: [ route_check ] --START--
INFO: CheckRoute Behavior ::run [ RunTime:0.002512s ]
INFO: [ route_check ] --END-- [ RunTime:0.002930s ]
NOTIC: [8192] preg_replace(): The /e modifier is deprecated, use preg_replace_callback instead C:\wamp\www\3S\ThinkPHP\Lib\Core\Dispatcher.class.php 第 132 行.
INFO: [ app_begin ] --START--
INFO: ReadHtmlCache Behavior ::run [ RunTime:0.001892s ]
INFO: [ app_begin ] --END-- [ RunTime:0.002268s ]
NOTIC: [8192] mysql_connect(): The mysql extension is deprecated and will be removed in the future: use mysqli or PDO instead C:\wamp\www\3S\ThinkPHP\Extend\Driver\Session\SessionDb.class.php 第 100 行.
INFO: [ view_parse ] --START--
NOTIC: [8192] preg_replace(): The /e modifier is deprecated, use preg_replace_callback instead C:\wamp\www\3S\ThinkPHP\Lib\Template\ThinkTemplate.class.php 第 273 行.
NOTIC: [8192] preg_replace(): The /e modifier is deprecated, use preg_replace_callback instead C:\wamp\www\3S\ThinkPHP\Lib\Template\ThinkTemplate.class.php 第 273 行.
NOTIC: [8192] preg_replace(): The /e modifier is deprecated, use preg_replace_callback instead C:\wamp\www\3S\ThinkPHP\Lib\Template\ThinkTemplate.class.php 第 273 行.
NOTIC: [8192] preg_replace(): The /e modifier is deprecated, use preg_replace_callback instead C:\wamp\www\3S\ThinkPHP\Lib\Template\ThinkTemplate.class.php 第 273 行.
NOTIC: [8192] preg_replace(): The /e modifier is deprecated, use preg_replace_callback instead C:\wamp\www\3S\ThinkPHP\Lib\Template\ThinkTemplate.class.php 第 273 行.
NOTIC: [8192] preg_replace(): The /e modifier is deprecated, use preg_replace_callback instead C:\wamp\www\3S\ThinkPHP\Lib\Template\ThinkTemplate.class.php 第 273 行.
NOTIC: [8192] preg_replace(): The /e modifier is deprecated, use preg_replace_callback instead C:\wamp\www\3S\ThinkPHP\Lib\Template\ThinkTemplate.class.php 第 273 行.
NOTIC: [8192] preg_replace(): The /e modifier is deprecated, use preg_replace_callback instead C:\wamp\www\3S\ThinkPHP\Lib\Template\ThinkTemplate.class.php 第 273 行.
NOTIC: [8192] preg_replace(): The /e modifier is deprecated, use preg_replace_callback instead C:\wamp\www\3S\ThinkPHP\Lib\Template\ThinkTemplate.class.php 第 273 行.
NOTIC: [2] file_get_contents(./App/Tpl/Index/Manage/footer.html): failed to open stream: No such file or directory C:\wamp\www\3S\ThinkPHP\Lib\Template\ThinkTemplate.class.php 第 695 行.
NOTIC: [8192] preg_replace(): The /e modifier is deprecated, use preg_replace_callback instead C:\wamp\www\3S\ThinkPHP\Lib\Template\ThinkTemplate.class.php 第 273 行.
NOTIC: [8192] preg_replace(): The /e modifier is deprecated, use preg_replace_callback instead C:\wamp\www\3S\ThinkPHP\Lib\Template\ThinkTemplate.class.php 第 168 行.
NOTIC: [8192] preg_replace(): The /e modifier is deprecated, use preg_replace_callback instead C:\wamp\www\3S\ThinkPHP\Lib\Template\ThinkTemplate.class.php 第 404 行.
NOTIC: [8192] preg_replace(): The /e modifier is deprecated, use preg_replace_callback instead C:\wamp\www\3S\ThinkPHP\Lib\Template\ThinkTemplate.class.php 第 404 行.
NOTIC: [8192] preg_replace(): The /e modifier is deprecated, use preg_replace_callback instead C:\wamp\www\3S\ThinkPHP\Lib\Template\ThinkTemplate.class.php 第 404 行.
NOTIC: [8192] preg_replace(): The /e modifier is deprecated, use preg_replace_callback instead C:\wamp\www\3S\ThinkPHP\Lib\Template\ThinkTemplate.class.php 第 404 行.
NOTIC: [8192] preg_replace(): The /e modifier is deprecated, use preg_replace_callback instead C:\wamp\www\3S\ThinkPHP\Lib\Template\ThinkTemplate.class.php 第 404 行.
NOTIC: [8192] preg_replace(): The /e modifier is deprecated, use preg_replace_callback instead C:\wamp\www\3S\ThinkPHP\Lib\Template\ThinkTemplate.class.php 第 404 行.
NOTIC: [8192] preg_replace(): The /e modifier is deprecated, use preg_replace_callback instead C:\wamp\www\3S\ThinkPHP\Lib\Template\ThinkTemplate.class.php 第 404 行.
NOTIC: [8192] preg_replace(): The /e modifier is deprecated, use preg_replace_callback instead C:\wamp\www\3S\ThinkPHP\Lib\Template\ThinkTemplate.class.php 第 404 行.
NOTIC: [8192] preg_replace(): The /e modifier is deprecated, use preg_replace_callback instead C:\wamp\www\3S\ThinkPHP\Lib\Template\ThinkTemplate.class.php 第 404 行.
NOTIC: [8192] preg_replace(): The /e modifier is deprecated, use preg_replace_callback instead C:\wamp\www\3S\ThinkPHP\Lib\Template\ThinkTemplate.class.php 第 404 行.
NOTIC: [8192] preg_replace(): The /e modifier is deprecated, use preg_replace_callback instead C:\wamp\www\3S\ThinkPHP\Lib\Template\ThinkTemplate.class.php 第 404 行.
NOTIC: [8192] preg_replace(): The /e modifier is deprecated, use preg_replace_callback instead C:\wamp\www\3S\ThinkPHP\Lib\Template\ThinkTemplate.class.php 第 404 行.
NOTIC: [8192] preg_replace(): The /e modifier is deprecated, use preg_replace_callback instead C:\wamp\www\3S\ThinkPHP\Lib\Template\ThinkTemplate.class.php 第 399 行.
NOTIC: [8192] preg_replace(): The /e modifier is deprecated, use preg_replace_callback instead C:\wamp\www\3S\ThinkPHP\Lib\Template\ThinkTemplate.class.php 第 399 行.
NOTIC: [8192] preg_replace(): The /e modifier is deprecated, use preg_replace_callback instead C:\wamp\www\3S\ThinkPHP\Lib\Template\ThinkTemplate.class.php 第 404 行.
NOTIC: [8192] preg_replace(): The /e modifier is deprecated, use preg_replace_callback instead C:\wamp\www\3S\ThinkPHP\Lib\Template\ThinkTemplate.class.php 第 404 行.
NOTIC: [8192] preg_replace(): The /e modifier is deprecated, use preg_replace_callback instead C:\wamp\www\3S\ThinkPHP\Lib\Template\ThinkTemplate.class.php 第 404 行.
NOTIC: [8192] preg_replace(): The /e modifier is deprecated, use preg_replace_callback instead C:\wamp\www\3S\ThinkPHP\Lib\Template\ThinkTemplate.class.php 第 399 行.
NOTIC: [8192] preg_replace(): The /e modifier is deprecated, use preg_replace_callback instead C:\wamp\www\3S\ThinkPHP\Lib\Template\ThinkTemplate.class.php 第 404 行.
NOTIC: [8192] preg_replace(): The /e modifier is deprecated, use preg_replace_callback instead C:\wamp\www\3S\ThinkPHP\Lib\Template\ThinkTemplate.class.php 第 404 行.
NOTIC: [8192] preg_replace(): The /e modifier is deprecated, use preg_replace_callback instead C:\wamp\www\3S\ThinkPHP\Lib\Template\ThinkTemplate.class.php 第 404 行.
NOTIC: [8192] preg_replace(): The /e modifier is deprecated, use preg_replace_callback instead C:\wamp\www\3S\ThinkPHP\Lib\Template\ThinkTemplate.class.php 第 404 行.
NOTIC: [8192] preg_replace(): The /e modifier is deprecated, use preg_replace_callback instead C:\wamp\www\3S\ThinkPHP\Lib\Template\ThinkTemplate.class.php 第 404 行.
NOTIC: [8192] preg_replace(): The /e modifier is deprecated, use preg_replace_callback instead C:\wamp\www\3S\ThinkPHP\Lib\Template\ThinkTemplate.class.php 第 404 行.
NOTIC: [8192] preg_replace(): The /e modifier is deprecated, use preg_replace_callback instead C:\wamp\www\3S\ThinkPHP\Lib\Template\ThinkTemplate.class.php 第 404 行.
NOTIC: [8192] preg_replace(): The /e modifier is deprecated, use preg_replace_callback instead C:\wamp\www\3S\ThinkPHP\Lib\Template\ThinkTemplate.class.php 第 404 行.
NOTIC: [8192] preg_replace(): The /e modifier is deprecated, use preg_replace_callback instead C:\wamp\www\3S\ThinkPHP\Lib\Template\ThinkTemplate.class.php 第 404 行.
NOTIC: [8192] preg_replace(): The /e modifier is deprecated, use preg_replace_callback instead C:\wamp\www\3S\ThinkPHP\Lib\Template\ThinkTemplate.class.php 第 404 行.
NOTIC: [8192] preg_replace(): The /e modifier is deprecated, use preg_replace_callback instead C:\wamp\www\3S\ThinkPHP\Lib\Template\ThinkTemplate.class.php 第 404 行.
NOTIC: [8192] preg_replace(): The /e modifier is deprecated, use preg_replace_callback instead C:\wamp\www\3S\ThinkPHP\Lib\Template\ThinkTemplate.class.php 第 404 行.
NOTIC: [8192] preg_replace(): The /e modifier is deprecated, use preg_replace_callback instead C:\wamp\www\3S\ThinkPHP\Lib\Template\ThinkTemplate.class.php 第 404 行.
NOTIC: [8192] preg_replace(): The /e modifier is deprecated, use preg_replace_callback instead C:\wamp\www\3S\ThinkPHP\Lib\Template\ThinkTemplate.class.php 第 404 行.
NOTIC: [8192] preg_replace(): The /e modifier is deprecated, use preg_replace_callback instead C:\wamp\www\3S\ThinkPHP\Lib\Template\ThinkTemplate.class.php 第 404 行.
NOTIC: [8192] preg_replace(): The /e modifier is deprecated, use preg_replace_callback instead C:\wamp\www\3S\ThinkPHP\Lib\Template\ThinkTemplate.class.php 第 404 行.
NOTIC: [8192] preg_replace(): The /e modifier is deprecated, use preg_replace_callback instead C:\wamp\www\3S\ThinkPHP\Lib\Template\ThinkTemplate.class.php 第 404 行.
NOTIC: [8192] preg_replace(): The /e modifier is deprecated, use preg_replace_callback instead C:\wamp\www\3S\ThinkPHP\Lib\Template\ThinkTemplate.class.php 第 404 行.
NOTIC: [8192] preg_replace(): The /e modifier is deprecated, use preg_replace_callback instead C:\wamp\www\3S\ThinkPHP\Lib\Template\ThinkTemplate.class.php 第 404 行.
NOTIC: [8192] preg_replace(): The /e modifier is deprecated, use preg_replace_callback instead C:\wamp\www\3S\ThinkPHP\Lib\Template\ThinkTemplate.class.php 第 404 行.
NOTIC: [8192] preg_replace(): The /e modifier is deprecated, use preg_replace_callback instead C:\wamp\www\3S\ThinkPHP\Lib\Template\ThinkTemplate.class.php 第 404 行.
NOTIC: [8192] preg_replace(): The /e modifier is deprecated, use preg_replace_callback instead C:\wamp\www\3S\ThinkPHP\Lib\Template\ThinkTemplate.class.php 第 404 行.
NOTIC: [8192] preg_replace(): The /e modifier is deprecated, use preg_replace_callback instead C:\wamp\www\3S\ThinkPHP\Lib\Template\ThinkTemplate.class.php 第 404 行.
NOTIC: [8192] preg_replace(): The /e modifier is deprecated, use preg_replace_callback instead C:\wamp\www\3S\ThinkPHP\Lib\Template\ThinkTemplate.class.php 第 404 行.
NOTIC: [8192] preg_replace(): The /e modifier is deprecated, use preg_replace_callback instead C:\wamp\www\3S\ThinkPHP\Lib\Template\ThinkTemplate.class.php 第 404 行.
NOTIC: [8192] preg_replace(): The /e modifier is deprecated, use preg_replace_callback instead C:\wamp\www\3S\ThinkPHP\Lib\Template\ThinkTemplate.class.php 第 404 行.
NOTIC: [8192] preg_replace(): The /e modifier is deprecated, use preg_replace_callback instead C:\wamp\www\3S\ThinkPHP\Lib\Template\ThinkTemplate.class.php 第 404 行.
NOTIC: [8192] preg_replace(): The /e modifier is deprecated, use preg_replace_callback instead C:\wamp\www\3S\ThinkPHP\Lib\Template\ThinkTemplate.class.php 第 404 行.
NOTIC: [8192] preg_replace(): The /e modifier is deprecated, use preg_replace_callback instead C:\wamp\www\3S\ThinkPHP\Lib\Template\ThinkTemplate.class.php 第 404 行.
NOTIC: [8192] preg_replace(): The /e modifier is deprecated, use preg_replace_callback instead C:\wamp\www\3S\ThinkPHP\Lib\Template\ThinkTemplate.class.php 第 404 行.
NOTIC: [8192] preg_replace(): The /e modifier is deprecated, use preg_replace_callback instead C:\wamp\www\3S\ThinkPHP\Lib\Template\ThinkTemplate.class.php 第 404 行.
NOTIC: [8192] preg_replace(): The /e modifier is deprecated, use preg_replace_callback instead C:\wamp\www\3S\ThinkPHP\Lib\Template\ThinkTemplate.class.php 第 404 行.
NOTIC: [8192] preg_replace(): The /e modifier is deprecated, use preg_replace_callback instead C:\wamp\www\3S\ThinkPHP\Lib\Template\ThinkTemplate.class.php 第 404 行.
NOTIC: [8192] preg_replace(): The /e modifier is deprecated, use preg_replace_callback instead C:\wamp\www\3S\ThinkPHP\Lib\Template\ThinkTemplate.class.php 第 404 行.
NOTIC: [8192] preg_replace(): The /e modifier is deprecated, use preg_replace_callback instead C:\wamp\www\3S\ThinkPHP\Lib\Template\ThinkTemplate.class.php 第 404 行.
NOTIC: [8192] preg_replace(): The /e modifier is deprecated, use preg_replace_callback instead C:\wamp\www\3S\ThinkPHP\Lib\Template\ThinkTemplate.class.php 第 404 行.
NOTIC: [8192] preg_replace(): The /e modifier is deprecated, use preg_replace_callback instead C:\wamp\www\3S\ThinkPHP\Lib\Template\ThinkTemplate.class.php 第 404 行.
NOTIC: [8192] preg_replace(): The /e modifier is deprecated, use preg_replace_callback instead C:\wamp\www\3S\ThinkPHP\Lib\Template\ThinkTemplate.class.php 第 404 行.
NOTIC: [8192] preg_replace(): The /e modifier is deprecated, use preg_replace_callback instead C:\wamp\www\3S\ThinkPHP\Lib\Template\ThinkTemplate.class.php 第 404 行.
NOTIC: [8192] preg_replace(): The /e modifier is deprecated, use preg_replace_callback instead C:\wamp\www\3S\ThinkPHP\Lib\Template\ThinkTemplate.class.php 第 404 行.
NOTIC: [8192] preg_replace(): The /e modifier is deprecated, use preg_replace_callback instead C:\wamp\www\3S\ThinkPHP\Lib\Template\ThinkTemplate.class.php 第 404 行.
NOTIC: [8192] preg_replace(): The /e modifier is deprecated, use preg_replace_callback instead C:\wamp\www\3S\ThinkPHP\Lib\Template\ThinkTemplate.class.php 第 404 行.
NOTIC: [8192] preg_replace(): The /e modifier is deprecated, use preg_replace_callback instead C:\wamp\www\3S\ThinkPHP\Lib\Template\ThinkTemplate.class.php 第 404 行.
NOTIC: [8192] preg_replace(): The /e modifier is deprecated, use preg_replace_callback instead C:\wamp\www\3S\ThinkPHP\Lib\Template\ThinkTemplate.class.php 第 404 行.
NOTIC: [8192] preg_replace(): The /e modifier is deprecated, use preg_replace_callback instead C:\wamp\www\3S\ThinkPHP\Lib\Template\ThinkTemplate.class.php 第 404 行.
NOTIC: [8192] preg_replace(): The /e modifier is deprecated, use preg_replace_callback instead C:\wamp\www\3S\ThinkPHP\Lib\Template\ThinkTemplate.class.php 第 404 行.
NOTIC: [8192] preg_replace(): The /e modifier is deprecated, use preg_replace_callback instead C:\wamp\www\3S\ThinkPHP\Lib\Template\ThinkTemplate.class.php 第 404 行.
NOTIC: [8192] preg_replace(): The /e modifier is deprecated, use preg_replace_callback instead C:\wamp\www\3S\ThinkPHP\Lib\Template\ThinkTemplate.class.php 第 404 行.
NOTIC: [8192] preg_replace(): The /e modifier is deprecated, use preg_replace_callback instead C:\wamp\www\3S\ThinkPHP\Lib\Template\ThinkTemplate.class.php 第 404 行.
NOTIC: [8192] preg_replace(): The /e modifier is deprecated, use preg_replace_callback instead C:\wamp\www\3S\ThinkPHP\Lib\Template\ThinkTemplate.class.php 第 404 行.
NOTIC: [8192] preg_replace(): The /e modifier is deprecated, use preg_replace_callback instead C:\wamp\www\3S\ThinkPHP\Lib\Template\ThinkTemplate.class.php 第 404 行.
NOTIC: [8192] preg_replace(): The /e modifier is deprecated, use preg_replace_callback instead C:\wamp\www\3S\ThinkPHP\Lib\Template\ThinkTemplate.class.php 第 404 行.
NOTIC: [8192] preg_replace(): The /e modifier is deprecated, use preg_replace_callback instead C:\wamp\www\3S\ThinkPHP\Lib\Template\ThinkTemplate.class.php 第 404 行.
NOTIC: [8192] preg_replace(): The /e modifier is deprecated, use preg_replace_callback instead C:\wamp\www\3S\ThinkPHP\Lib\Template\ThinkTemplate.class.php 第 404 行.
NOTIC: [8192] preg_replace(): The /e modifier is deprecated, use preg_replace_callback instead C:\wamp\www\3S\ThinkPHP\Lib\Template\ThinkTemplate.class.php 第 404 行.
NOTIC: [8192] preg_replace(): The /e modifier is deprecated, use preg_replace_callback instead C:\wamp\www\3S\ThinkPHP\Lib\Template\ThinkTemplate.class.php 第 404 行.
NOTIC: [8192] preg_replace(): The /e modifier is deprecated, use preg_replace_callback instead C:\wamp\www\3S\ThinkPHP\Lib\Template\ThinkTemplate.class.php 第 404 行.
NOTIC: [8192] preg_replace(): The /e modifier is deprecated, use preg_replace_callback instead C:\wamp\www\3S\ThinkPHP\Lib\Template\ThinkTemplate.class.php 第 404 行.
NOTIC: [8192] preg_replace(): The /e modifier is deprecated, use preg_replace_callback instead C:\wamp\www\3S\ThinkPHP\Lib\Template\ThinkTemplate.class.php 第 404 行.
NOTIC: [8192] preg_replace(): The /e modifier is deprecated, use preg_replace_callback instead C:\wamp\www\3S\ThinkPHP\Lib\Template\ThinkTemplate.class.php 第 404 行.
NOTIC: [8192] preg_replace(): The /e modifier is deprecated, use preg_replace_callback instead C:\wamp\www\3S\ThinkPHP\Lib\Template\ThinkTemplate.class.php 第 404 行.
NOTIC: [8192] preg_replace(): The /e modifier is deprecated, use preg_replace_callback instead C:\wamp\www\3S\ThinkPHP\Lib\Template\ThinkTemplate.class.php 第 404 行.
NOTIC: [8192] preg_replace(): The /e modifier is deprecated, use preg_replace_callback instead C:\wamp\www\3S\ThinkPHP\Lib\Template\ThinkTemplate.class.php 第 404 行.
NOTIC: [8192] preg_replace(): The /e modifier is deprecated, use preg_replace_callback instead C:\wamp\www\3S\ThinkPHP\Lib\Template\ThinkTemplate.class.php 第 404 行.
NOTIC: [8192] preg_replace(): The /e modifier is deprecated, use preg_replace_callback instead C:\wamp\www\3S\ThinkPHP\Lib\Template\ThinkTemplate.class.php 第 404 行.
NOTIC: [8192] preg_replace(): The /e modifier is deprecated, use preg_replace_callback instead C:\wamp\www\3S\ThinkPHP\Lib\Template\ThinkTemplate.class.php 第 404 行.
NOTIC: [8192] preg_replace(): The /e modifier is deprecated, use preg_replace_callback instead C:\wamp\www\3S\ThinkPHP\Lib\Template\ThinkTemplate.class.php 第 399 行.
NOTIC: [8192] preg_replace(): The /e modifier is deprecated, use preg_replace_callback instead C:\wamp\www\3S\ThinkPHP\Lib\Template\ThinkTemplate.class.php 第 399 行.
NOTIC: [8192] preg_replace(): The /e modifier is deprecated, use preg_replace_callback instead C:\wamp\www\3S\ThinkPHP\Lib\Template\ThinkTemplate.class.php 第 399 行.
NOTIC: [8192] preg_replace(): The /e modifier is deprecated, use preg_replace_callback instead C:\wamp\www\3S\ThinkPHP\Lib\Template\ThinkTemplate.class.php 第 399 行.
NOTIC: [8192] preg_replace(): The /e modifier is deprecated, use preg_replace_callback instead C:\wamp\www\3S\ThinkPHP\Lib\Template\ThinkTemplate.class.php 第 399 行.
NOTIC: [8192] preg_replace(): The /e modifier is deprecated, use preg_replace_callback instead C:\wamp\www\3S\ThinkPHP\Lib\Template\ThinkTemplate.class.php 第 399 行.
NOTIC: [8192] preg_replace(): The /e modifier is deprecated, use preg_replace_callback instead C:\wamp\www\3S\ThinkPHP\Lib\Template\ThinkTemplate.class.php 第 404 行.
NOTIC: [8192] preg_replace(): The /e modifier is deprecated, use preg_replace_callback instead C:\wamp\www\3S\ThinkPHP\Lib\Template\ThinkTemplate.class.php 第 404 行.
NOTIC: [8192] preg_replace(): The /e modifier is deprecated, use preg_replace_callback instead C:\wamp\www\3S\ThinkPHP\Lib\Template\ThinkTemplate.class.php 第 404 行.
NOTIC: [8192] preg_replace(): The /e modifier is deprecated, use preg_replace_callback instead C:\wamp\www\3S\ThinkPHP\Lib\Template\ThinkTemplate.class.php 第 197 行.
NOTIC: [8192] preg_replace(): The /e modifier is deprecated, use preg_replace_callback instead C:\wamp\www\3S\ThinkPHP\Lib\Template\ThinkTemplate.class.php 第 137 行.
INFO: ParseTemplate Behavior ::run [ RunTime:0.081470s ]
INFO: [ view_parse ] --END-- [ RunTime:0.081925s ]
INFO: [ view_filter ] --START--
INFO: ContentReplace Behavior ::run [ RunTime:0.001785s ]
INFO: TokenBuild Behavior ::run [ RunTime:0.001630s ]
INFO: WriteHtmlCache Behavior ::run [ RunTime:0.001208s ]
INFO: ShowRuntime Behavior ::run [ RunTime:0.001952s ]
INFO: [ view_filter ] --END-- [ RunTime:0.007611s ]
INFO: [ view_end ] --START--
INFO: ShowPageTrace Behavior ::run [ RunTime:0.002393s ]
INFO: [ view_end ] --END-- [ RunTime:0.002845s ]

[ 2016-04-26T11:35:10+08:00 ] 127.0.0.1 /3s/index.php/Storage/Restock/findOutOfStockItem.html
INFO: [ route_check ] --START--
INFO: CheckRoute Behavior ::run [ RunTime:0.002120s ]
INFO: [ route_check ] --END-- [ RunTime:0.002534s ]
NOTIC: [8192] preg_replace(): The /e modifier is deprecated, use preg_replace_callback instead C:\wamp\www\3S\ThinkPHP\Lib\Core\Dispatcher.class.php 第 132 行.
INFO: [ app_begin ] --START--
INFO: ReadHtmlCache Behavior ::run [ RunTime:0.001644s ]
INFO: [ app_begin ] --END-- [ RunTime:0.002018s ]
NOTIC: [8192] mysql_connect(): The mysql extension is deprecated and will be removed in the future: use mysqli or PDO instead C:\wamp\www\3S\ThinkPHP\Extend\Driver\Session\SessionDb.class.php 第 100 行.
NOTIC: [8] Undefined variable: file C:\wamp\www\3S\App\Lib\Action\Storage\RestockAction.class.php 第 106 行.
NOTIC: [8192] mysql_connect(): The mysql extension is deprecated and will be removed in the future: use mysqli or PDO instead C:\wamp\www\3S\ThinkPHP\Lib\Driver\Db\DbMysql.class.php 第 55 行.
SQL: SHOW COLUMNS FROM `3s_usstorage` [ RunTime:0.030852s ]
NOTIC: [8192] preg_replace(): The /e modifier is deprecated, use preg_replace_callback instead C:\wamp\www\3S\ThinkPHP\Lib\Core\Db.class.php 第 605 行.
SQL: SELECT * FROM `3s_usstorage`  [ RunTime:0.000822s ]
SQL: SHOW COLUMNS FROM `3s_product` [ RunTime:0.011106s ]
NOTIC: [8192] preg_replace(): The /e modifier is deprecated, use preg_replace_callback instead C:\wamp\www\3S\ThinkPHP\Lib\Core\Db.class.php 第 605 行.
SQL: SELECT `tous` FROM `3s_product` WHERE ( `sku` = '1303.01' ) LIMIT 1   [ RunTime:0.000693s ]
SQL: SHOW COLUMNS FROM `3s_ussw_outbound` [ RunTime:0.011116s ]
NOTIC: [8192] preg_replace(): The /e modifier is deprecated, use preg_replace_callback instead C:\wamp\www\3S\ThinkPHP\Lib\Core\Db.class.php 第 605 行.
NOTIC: [2] Invalid argument supplied for foreach() C:\wamp\www\3S\ThinkPHP\Lib\Core\Db.class.php 第 425 行.
SQL: SELECT * FROM `3s_ussw_outbound`  [ RunTime:0.000845s ]
SQL: SHOW COLUMNS FROM `3s_ussw_outbound_item` [ RunTime:0.012289s ]
NOTIC: [8192] preg_replace(): The /e modifier is deprecated, use preg_replace_callback instead C:\wamp\www\3S\ThinkPHP\Lib\Core\Db.class.php 第 605 行.
SQL: SELECT * FROM `3s_ussw_outbound_item` WHERE ( `outbound_id` = 21 )  [ RunTime:0.000722s ]
NOTIC: [8192] preg_replace(): The /e modifier is deprecated, use preg_replace_callback instead C:\wamp\www\3S\ThinkPHP\Lib\Core\Db.class.php 第 605 行.
SQL: SELECT * FROM `3s_ussw_outbound_item` WHERE ( `outbound_id` = 22 )  [ RunTime:0.000657s ]
NOTIC: [8192] preg_replace(): The /e modifier is deprecated, use preg_replace_callback instead C:\wamp\www\3S\ThinkPHP\Lib\Core\Db.class.php 第 605 行.
SQL: SELECT * FROM `3s_ussw_outbound_item` WHERE ( `outbound_id` = 24 )  [ RunTime:0.000658s ]
NOTIC: [8192] preg_replace(): The /e modifier is deprecated, use preg_replace_callback instead C:\wamp\www\3S\ThinkPHP\Lib\Core\Db.class.php 第 605 行.
SQL: SELECT * FROM `3s_ussw_outbound_item` WHERE ( `outbound_id` = 25 )  [ RunTime:0.000642s ]
NOTIC: [8192] preg_replace(): The /e modifier is deprecated, use preg_replace_callback instead C:\wamp\www\3S\ThinkPHP\Lib\Core\Db.class.php 第 605 行.
NOTIC: [2] Invalid argument supplied for foreach() C:\wamp\www\3S\ThinkPHP\Lib\Core\Db.class.php 第 425 行.
SQL: SELECT * FROM `3s_ussw_outbound`  [ RunTime:0.000756s ]
NOTIC: [8192] preg_replace(): The /e modifier is deprecated, use preg_replace_callback instead C:\wamp\www\3S\ThinkPHP\Lib\Core\Db.class.php 第 605 行.
SQL: SELECT * FROM `3s_ussw_outbound_item` WHERE ( `outbound_id` = 21 )  [ RunTime:0.000669s ]
NOTIC: [8192] preg_replace(): The /e modifier is deprecated, use preg_replace_callback instead C:\wamp\www\3S\ThinkPHP\Lib\Core\Db.class.php 第 605 行.
SQL: SELECT * FROM `3s_ussw_outbound_item` WHERE ( `outbound_id` = 22 )  [ RunTime:0.000687s ]
NOTIC: [8192] preg_replace(): The /e modifier is deprecated, use preg_replace_callback instead C:\wamp\www\3S\ThinkPHP\Lib\Core\Db.class.php 第 605 行.
SQL: SELECT * FROM `3s_ussw_outbound_item` WHERE ( `outbound_id` = 24 )  [ RunTime:0.000653s ]
NOTIC: [8192] preg_replace(): The /e modifier is deprecated, use preg_replace_callback instead C:\wamp\www\3S\ThinkPHP\Lib\Core\Db.class.php 第 605 行.
SQL: SELECT * FROM `3s_ussw_outbound_item` WHERE ( `outbound_id` = 25 )  [ RunTime:0.000649s ]
NOTIC: [8192] preg_replace(): The /e modifier is deprecated, use preg_replace_callback instead C:\wamp\www\3S\ThinkPHP\Lib\Core\Db.class.php 第 605 行.
NOTIC: [2] Invalid argument supplied for foreach() C:\wamp\www\3S\ThinkPHP\Lib\Core\Db.class.php 第 425 行.
SQL: SELECT * FROM `3s_ussw_outbound`  [ RunTime:0.000725s ]
NOTIC: [8192] preg_replace(): The /e modifier is deprecated, use preg_replace_callback instead C:\wamp\www\3S\ThinkPHP\Lib\Core\Db.class.php 第 605 行.
SQL: SELECT * FROM `3s_ussw_outbound_item` WHERE ( `outbound_id` = 21 )  [ RunTime:0.000674s ]
NOTIC: [8192] preg_replace(): The /e modifier is deprecated, use preg_replace_callback instead C:\wamp\www\3S\ThinkPHP\Lib\Core\Db.class.php 第 605 行.
SQL: SELECT * FROM `3s_ussw_outbound_item` WHERE ( `outbound_id` = 22 )  [ RunTime:0.000651s ]
NOTIC: [8192] preg_replace(): The /e modifier is deprecated, use preg_replace_callback instead C:\wamp\www\3S\ThinkPHP\Lib\Core\Db.class.php 第 605 行.
SQL: SELECT * FROM `3s_ussw_outbound_item` WHERE ( `outbound_id` = 24 )  [ RunTime:0.000632s ]
NOTIC: [8192] preg_replace(): The /e modifier is deprecated, use preg_replace_callback instead C:\wamp\www\3S\ThinkPHP\Lib\Core\Db.class.php 第 605 行.
SQL: SELECT * FROM `3s_ussw_outbound_item` WHERE ( `outbound_id` = 25 )  [ RunTime:0.000727s ]
NOTIC: [2] Invalid argument supplied for foreach() C:\wamp\www\3S\App\Lib\Action\Storage\RestockAction.class.php 第 300 行.
SQL: SHOW COLUMNS FROM `3s_restock` [ RunTime:0.011075s ]
NOTIC: [8192] preg_replace(): The /e modifier is deprecated, use preg_replace_callback instead C:\wamp\www\3S\ThinkPHP\Lib\Core\Db.class.php 第 605 行.
SQL: SELECT * FROM `3s_restock`  [ RunTime:0.000646s ]
NOTIC: [8] Undefined variable: warehouse C:\wamp\www\3S\App\Lib\Action\Storage\RestockAction.class.php 第 311 行.
NOTIC: [2] Missing argument 2 for RestockAction::isInPurchaseItem(), called in C:\wamp\www\3S\App\Lib\Action\Storage\RestockAction.class.php on line 331 and defined C:\wamp\www\3S\App\Lib\Action\Storage\RestockAction.class.php 第 318 行.
SQL: SHOW COLUMNS FROM `3s_purchase_item` [ RunTime:0.010735s ]
NOTIC: [8192] preg_replace(): The /e modifier is deprecated, use preg_replace_callback instead C:\wamp\www\3S\ThinkPHP\Lib\Core\Db.class.php 第 605 行.
SQL: SELECT * FROM `3s_purchase_item`  [ RunTime:0.000719s ]
NOTIC: [8] Undefined variable: warehouse C:\wamp\www\3S\App\Lib\Action\Storage\RestockAction.class.php 第 321 行.
NOTIC: [8] Undefined variable: warehouse C:\wamp\www\3S\App\Lib\Action\Storage\RestockAction.class.php 第 321 行.
NOTIC: [8] Undefined variable: warehouse C:\wamp\www\3S\App\Lib\Action\Storage\RestockAction.class.php 第 321 行.
NOTIC: [8] Undefined variable: warehouse C:\wamp\www\3S\App\Lib\Action\Storage\RestockAction.class.php 第 321 行.
NOTIC: [8] Undefined variable: warehouse C:\wamp\www\3S\App\Lib\Action\Storage\RestockAction.class.php 第 321 行.
NOTIC: [8] Undefined variable: warehouse C:\wamp\www\3S\App\Lib\Action\Storage\RestockAction.class.php 第 321 行.
NOTIC: [8] Undefined variable: warehouse C:\wamp\www\3S\App\Lib\Action\Storage\RestockAction.class.php 第 321 行.
NOTIC: [8] Undefined variable: warehouse C:\wamp\www\3S\App\Lib\Action\Storage\RestockAction.class.php 第 321 行.
NOTIC: [8] Undefined variable: warehouse C:\wamp\www\3S\App\Lib\Action\Storage\RestockAction.class.php 第 321 行.
NOTIC: [8] Undefined variable: warehouse C:\wamp\www\3S\App\Lib\Action\Storage\RestockAction.class.php 第 321 行.
NOTIC: [8192] preg_replace(): The /e modifier is deprecated, use preg_replace_callback instead C:\wamp\www\3S\ThinkPHP\Lib\Core\Db.class.php 第 605 行.
NOTIC: [2] Invalid argument supplied for foreach() C:\wamp\www\3S\ThinkPHP\Lib\Core\Db.class.php 第 425 行.
SQL: SELECT * FROM `3s_ussw_outbound`  [ RunTime:0.000740s ]
NOTIC: [8192] preg_replace(): The /e modifier is deprecated, use preg_replace_callback instead C:\wamp\www\3S\ThinkPHP\Lib\Core\Db.class.php 第 605 行.
SQL: SELECT * FROM `3s_ussw_outbound_item` WHERE ( `outbound_id` = 21 )  [ RunTime:0.000671s ]
NOTIC: [8192] preg_replace(): The /e modifier is deprecated, use preg_replace_callback instead C:\wamp\www\3S\ThinkPHP\Lib\Core\Db.class.php 第 605 行.
SQL: SELECT * FROM `3s_ussw_outbound_item` WHERE ( `outbound_id` = 22 )  [ RunTime:0.000654s ]
NOTIC: [8192] preg_replace(): The /e modifier is deprecated, use preg_replace_callback instead C:\wamp\www\3S\ThinkPHP\Lib\Core\Db.class.php 第 605 行.
SQL: SELECT * FROM `3s_ussw_outbound_item` WHERE ( `outbound_id` = 24 )  [ RunTime:0.000667s ]
NOTIC: [8192] preg_replace(): The /e modifier is deprecated, use preg_replace_callback instead C:\wamp\www\3S\ThinkPHP\Lib\Core\Db.class.php 第 605 行.
SQL: SELECT * FROM `3s_ussw_outbound_item` WHERE ( `outbound_id` = 25 )  [ RunTime:0.000663s ]
NOTIC: [8192] preg_replace(): The /e modifier is deprecated, use preg_replace_callback instead C:\wamp\www\3S\ThinkPHP\Lib\Core\Db.class.php 第 605 行.
SQL: SELECT `manager` FROM `3s_product` WHERE ( `sku` = '1303.01' ) LIMIT 1   [ RunTime:0.000602s ]
NOTIC: [8192] preg_replace(): The /e modifier is deprecated, use preg_replace_callback instead C:\wamp\www\3S\ThinkPHP\Lib\Core\Db.class.php 第 605 行.
SQL: SELECT `tous` FROM `3s_product` WHERE ( `sku` = '1304.01' ) LIMIT 1   [ RunTime:0.000575s ]
NOTIC: [8192] preg_replace(): The /e modifier is deprecated, use preg_replace_callback instead C:\wamp\www\3S\ThinkPHP\Lib\Core\Db.class.php 第 605 行.
NOTIC: [2] Invalid argument supplied for foreach() C:\wamp\www\3S\ThinkPHP\Lib\Core\Db.class.php 第 425 行.
SQL: SELECT * FROM `3s_ussw_outbound`  [ RunTime:0.000790s ]
NOTIC: [8192] preg_replace(): The /e modifier is deprecated, use preg_replace_callback instead C:\wamp\www\3S\ThinkPHP\Lib\Core\Db.class.php 第 605 行.
SQL: SELECT * FROM `3s_ussw_outbound_item` WHERE ( `outbound_id` = 21 )  [ RunTime:0.000678s ]
NOTIC: [8192] preg_replace(): The /e modifier is deprecated, use preg_replace_callback instead C:\wamp\www\3S\ThinkPHP\Lib\Core\Db.class.php 第 605 行.
SQL: SELECT * FROM `3s_ussw_outbound_item` WHERE ( `outbound_id` = 22 )  [ RunTime:0.000658s ]
NOTIC: [8192] preg_replace(): The /e modifier is deprecated, use preg_replace_callback instead C:\wamp\www\3S\ThinkPHP\Lib\Core\Db.class.php 第 605 行.
SQL: SELECT * FROM `3s_ussw_outbound_item` WHERE ( `outbound_id` = 24 )  [ RunTime:0.000658s ]
NOTIC: [8192] preg_replace(): The /e modifier is deprecated, use preg_replace_callback instead C:\wamp\www\3S\ThinkPHP\Lib\Core\Db.class.php 第 605 行.
SQL: SELECT * FROM `3s_ussw_outbound_item` WHERE ( `outbound_id` = 25 )  [ RunTime:0.000688s ]
NOTIC: [8] Undefined index:  C:\wamp\www\3S\App\Lib\Action\Storage\RestockAction.class.php 第 223 行.
NOTIC: [8192] preg_replace(): The /e modifier is deprecated, use preg_replace_callback instead C:\wamp\www\3S\ThinkPHP\Lib\Core\Db.class.php 第 605 行.
NOTIC: [2] Invalid argument supplied for foreach() C:\wamp\www\3S\ThinkPHP\Lib\Core\Db.class.php 第 425 行.
SQL: SELECT * FROM `3s_ussw_outbound`  [ RunTime:0.000744s ]
NOTIC: [8192] preg_replace(): The /e modifier is deprecated, use preg_replace_callback instead C:\wamp\www\3S\ThinkPHP\Lib\Core\Db.class.php 第 605 行.
SQL: SELECT * FROM `3s_ussw_outbound_item` WHERE ( `outbound_id` = 21 )  [ RunTime:0.000663s ]
NOTIC: [8192] preg_replace(): The /e modifier is deprecated, use preg_replace_callback instead C:\wamp\www\3S\ThinkPHP\Lib\Core\Db.class.php 第 605 行.
SQL: SELECT * FROM `3s_ussw_outbound_item` WHERE ( `outbound_id` = 22 )  [ RunTime:0.000661s ]
NOTIC: [8192] preg_replace(): The /e modifier is deprecated, use preg_replace_callback instead C:\wamp\www\3S\ThinkPHP\Lib\Core\Db.class.php 第 605 行.
SQL: SELECT * FROM `3s_ussw_outbound_item` WHERE ( `outbound_id` = 24 )  [ RunTime:0.000656s ]
NOTIC: [8192] preg_replace(): The /e modifier is deprecated, use preg_replace_callback instead C:\wamp\www\3S\ThinkPHP\Lib\Core\Db.class.php 第 605 行.
SQL: SELECT * FROM `3s_ussw_outbound_item` WHERE ( `outbound_id` = 25 )  [ RunTime:0.000652s ]
NOTIC: [8192] preg_replace(): The /e modifier is deprecated, use preg_replace_callback instead C:\wamp\www\3S\ThinkPHP\Lib\Core\Db.class.php 第 605 行.
SQL: SELECT `tous` FROM `3s_product` WHERE ( `sku` = '1303.02' ) LIMIT 1   [ RunTime:0.000604s ]
NOTIC: [8192] preg_replace(): The /e modifier is deprecated, use preg_replace_callback instead C:\wamp\www\3S\ThinkPHP\Lib\Core\Db.class.php 第 605 行.
NOTIC: [2] Invalid argument supplied for foreach() C:\wamp\www\3S\ThinkPHP\Lib\Core\Db.class.php 第 425 行.
SQL: SELECT * FROM `3s_ussw_outbound`  [ RunTime:0.000739s ]
NOTIC: [8192] preg_replace(): The /e modifier is deprecated, use preg_replace_callback instead C:\wamp\www\3S\ThinkPHP\Lib\Core\Db.class.php 第 605 行.
SQL: SELECT * FROM `3s_ussw_outbound_item` WHERE ( `outbound_id` = 21 )  [ RunTime:0.000661s ]
NOTIC: [8192] preg_replace(): The /e modifier is deprecated, use preg_replace_callback instead C:\wamp\www\3S\ThinkPHP\Lib\Core\Db.class.php 第 605 行.
SQL: SELECT * FROM `3s_ussw_outbound_item` WHERE ( `outbound_id` = 22 )  [ RunTime:0.000652s ]
NOTIC: [8192] preg_replace(): The /e modifier is deprecated, use preg_replace_callback instead C:\wamp\www\3S\ThinkPHP\Lib\Core\Db.class.php 第 605 行.
SQL: SELECT * FROM `3s_ussw_outbound_item` WHERE ( `outbound_id` = 24 )  [ RunTime:0.000651s ]
NOTIC: [8192] preg_replace(): The /e modifier is deprecated, use preg_replace_callback instead C:\wamp\www\3S\ThinkPHP\Lib\Core\Db.class.php 第 605 行.
SQL: SELECT * FROM `3s_ussw_outbound_item` WHERE ( `outbound_id` = 25 )  [ RunTime:0.000666s ]
NOTIC: [8] Undefined index:  C:\wamp\www\3S\App\Lib\Action\Storage\RestockAction.class.php 第 223 行.
NOTIC: [8192] preg_replace(): The /e modifier is deprecated, use preg_replace_callback instead C:\wamp\www\3S\ThinkPHP\Lib\Core\Db.class.php 第 605 行.
NOTIC: [2] Invalid argument supplied for foreach() C:\wamp\www\3S\ThinkPHP\Lib\Core\Db.class.php 第 425 行.
SQL: SELECT * FROM `3s_ussw_outbound`  [ RunTime:0.000724s ]
NOTIC: [8192] preg_replace(): The /e modifier is deprecated, use preg_replace_callback instead C:\wamp\www\3S\ThinkPHP\Lib\Core\Db.class.php 第 605 行.
SQL: SELECT * FROM `3s_ussw_outbound_item` WHERE ( `outbound_id` = 21 )  [ RunTime:0.000719s ]
NOTIC: [8192] preg_replace(): The /e modifier is deprecated, use preg_replace_callback instead C:\wamp\www\3S\ThinkPHP\Lib\Core\Db.class.php 第 605 行.
SQL: SELECT * FROM `3s_ussw_outbound_item` WHERE ( `outbound_id` = 22 )  [ RunTime:0.000666s ]
NOTIC: [8192] preg_replace(): The /e modifier is deprecated, use preg_replace_callback instead C:\wamp\www\3S\ThinkPHP\Lib\Core\Db.class.php 第 605 行.
SQL: SELECT * FROM `3s_ussw_outbound_item` WHERE ( `outbound_id` = 24 )  [ RunTime:0.000664s ]
NOTIC: [8192] preg_replace(): The /e modifier is deprecated, use preg_replace_callback instead C:\wamp\www\3S\ThinkPHP\Lib\Core\Db.class.php 第 605 行.
SQL: SELECT * FROM `3s_ussw_outbound_item` WHERE ( `outbound_id` = 25 )  [ RunTime:0.000656s ]
NOTIC: [8192] preg_replace(): The /e modifier is deprecated, use preg_replace_callback instead C:\wamp\www\3S\ThinkPHP\Lib\Core\Db.class.php 第 605 行.
SQL: SELECT `tous` FROM `3s_product` WHERE ( `sku` = '1303.01' ) LIMIT 1   [ RunTime:0.000605s ]
NOTIC: [8192] preg_replace(): The /e modifier is deprecated, use preg_replace_callback instead C:\wamp\www\3S\ThinkPHP\Lib\Core\Db.class.php 第 605 行.
NOTIC: [2] Invalid argument supplied for foreach() C:\wamp\www\3S\ThinkPHP\Lib\Core\Db.class.php 第 425 行.
SQL: SELECT * FROM `3s_ussw_outbound`  [ RunTime:0.000734s ]
NOTIC: [8192] preg_replace(): The /e modifier is deprecated, use preg_replace_callback instead C:\wamp\www\3S\ThinkPHP\Lib\Core\Db.class.php 第 605 行.
SQL: SELECT * FROM `3s_ussw_outbound_item` WHERE ( `outbound_id` = 21 )  [ RunTime:0.000648s ]
NOTIC: [8192] preg_replace(): The /e modifier is deprecated, use preg_replace_callback instead C:\wamp\www\3S\ThinkPHP\Lib\Core\Db.class.php 第 605 行.
SQL: SELECT * FROM `3s_ussw_outbound_item` WHERE ( `outbound_id` = 22 )  [ RunTime:0.000665s ]
NOTIC: [8192] preg_replace(): The /e modifier is deprecated, use preg_replace_callback instead C:\wamp\www\3S\ThinkPHP\Lib\Core\Db.class.php 第 605 行.
SQL: SELECT * FROM `3s_ussw_outbound_item` WHERE ( `outbound_id` = 24 )  [ RunTime:0.000654s ]
NOTIC: [8192] preg_replace(): The /e modifier is deprecated, use preg_replace_callback instead C:\wamp\www\3S\ThinkPHP\Lib\Core\Db.class.php 第 605 行.
SQL: SELECT * FROM `3s_ussw_outbound_item` WHERE ( `outbound_id` = 25 )  [ RunTime:0.000655s ]
NOTIC: [8192] preg_replace(): The /e modifier is deprecated, use preg_replace_callback instead C:\wamp\www\3S\ThinkPHP\Lib\Core\Db.class.php 第 605 行.
NOTIC: [2] Invalid argument supplied for foreach() C:\wamp\www\3S\ThinkPHP\Lib\Core\Db.class.php 第 425 行.
SQL: SELECT * FROM `3s_ussw_outbound`  [ RunTime:0.000740s ]
NOTIC: [8192] preg_replace(): The /e modifier is deprecated, use preg_replace_callback instead C:\wamp\www\3S\ThinkPHP\Lib\Core\Db.class.php 第 605 行.
SQL: SELECT * FROM `3s_ussw_outbound_item` WHERE ( `outbound_id` = 21 )  [ RunTime:0.000643s ]
NOTIC: [8192] preg_replace(): The /e modifier is deprecated, use preg_replace_callback instead C:\wamp\www\3S\ThinkPHP\Lib\Core\Db.class.php 第 605 行.
SQL: SELECT * FROM `3s_ussw_outbound_item` WHERE ( `outbound_id` = 22 )  [ RunTime:0.000663s ]
NOTIC: [8192] preg_replace(): The /e modifier is deprecated, use preg_replace_callback instead C:\wamp\www\3S\ThinkPHP\Lib\Core\Db.class.php 第 605 行.
SQL: SELECT * FROM `3s_ussw_outbound_item` WHERE ( `outbound_id` = 24 )  [ RunTime:0.000657s ]
NOTIC: [8192] preg_replace(): The /e modifier is deprecated, use preg_replace_callback instead C:\wamp\www\3S\ThinkPHP\Lib\Core\Db.class.php 第 605 行.
SQL: SELECT * FROM `3s_ussw_outbound_item` WHERE ( `outbound_id` = 25 )  [ RunTime:0.000659s ]
NOTIC: [8192] preg_replace(): The /e modifier is deprecated, use preg_replace_callback instead C:\wamp\www\3S\ThinkPHP\Lib\Core\Db.class.php 第 605 行.
NOTIC: [2] Invalid argument supplied for foreach() C:\wamp\www\3S\ThinkPHP\Lib\Core\Db.class.php 第 425 行.
SQL: SELECT * FROM `3s_ussw_outbound`  [ RunTime:0.000722s ]
NOTIC: [8192] preg_replace(): The /e modifier is deprecated, use preg_replace_callback instead C:\wamp\www\3S\ThinkPHP\Lib\Core\Db.class.php 第 605 行.
SQL: SELECT * FROM `3s_ussw_outbound_item` WHERE ( `outbound_id` = 21 )  [ RunTime:0.000656s ]
NOTIC: [8192] preg_replace(): The /e modifier is deprecated, use preg_replace_callback instead C:\wamp\www\3S\ThinkPHP\Lib\Core\Db.class.php 第 605 行.
SQL: SELECT * FROM `3s_ussw_outbound_item` WHERE ( `outbound_id` = 22 )  [ RunTime:0.000721s ]
NOTIC: [8192] preg_replace(): The /e modifier is deprecated, use preg_replace_callback instead C:\wamp\www\3S\ThinkPHP\Lib\Core\Db.class.php 第 605 行.
SQL: SELECT * FROM `3s_ussw_outbound_item` WHERE ( `outbound_id` = 24 )  [ RunTime:0.000658s ]
NOTIC: [8192] preg_replace(): The /e modifier is deprecated, use preg_replace_callback instead C:\wamp\www\3S\ThinkPHP\Lib\Core\Db.class.php 第 605 行.
SQL: SELECT * FROM `3s_ussw_outbound_item` WHERE ( `outbound_id` = 25 )  [ RunTime:0.000649s ]
NOTIC: [8192] preg_replace(): The /e modifier is deprecated, use preg_replace_callback instead C:\wamp\www\3S\ThinkPHP\Lib\Core\Db.class.php 第 605 行.
SQL: SELECT `tous` FROM `3s_product` WHERE ( `sku` = '1280' ) LIMIT 1   [ RunTime:0.000651s ]
NOTIC: [8192] preg_replace(): The /e modifier is deprecated, use preg_replace_callback instead C:\wamp\www\3S\ThinkPHP\Lib\Core\Db.class.php 第 605 行.
NOTIC: [2] Invalid argument supplied for foreach() C:\wamp\www\3S\ThinkPHP\Lib\Core\Db.class.php 第 425 行.
SQL: SELECT * FROM `3s_ussw_outbound`  [ RunTime:0.000732s ]
NOTIC: [8192] preg_replace(): The /e modifier is deprecated, use preg_replace_callback instead C:\wamp\www\3S\ThinkPHP\Lib\Core\Db.class.php 第 605 行.
SQL: SELECT * FROM `3s_ussw_outbound_item` WHERE ( `outbound_id` = 21 )  [ RunTime:0.000655s ]
NOTIC: [8192] preg_replace(): The /e modifier is deprecated, use preg_replace_callback instead C:\wamp\www\3S\ThinkPHP\Lib\Core\Db.class.php 第 605 行.
SQL: SELECT * FROM `3s_ussw_outbound_item` WHERE ( `outbound_id` = 22 )  [ RunTime:0.000658s ]
NOTIC: [8192] preg_replace(): The /e modifier is deprecated, use preg_replace_callback instead C:\wamp\www\3S\ThinkPHP\Lib\Core\Db.class.php 第 605 行.
SQL: SELECT * FROM `3s_ussw_outbound_item` WHERE ( `outbound_id` = 24 )  [ RunTime:0.000662s ]
NOTIC: [8192] preg_replace(): The /e modifier is deprecated, use preg_replace_callback instead C:\wamp\www\3S\ThinkPHP\Lib\Core\Db.class.php 第 605 行.
SQL: SELECT * FROM `3s_ussw_outbound_item` WHERE ( `outbound_id` = 25 )  [ RunTime:0.000666s ]
NOTIC: [8192] preg_replace(): The /e modifier is deprecated, use preg_replace_callback instead C:\wamp\www\3S\ThinkPHP\Lib\Core\Db.class.php 第 605 行.
NOTIC: [2] Invalid argument supplied for foreach() C:\wamp\www\3S\ThinkPHP\Lib\Core\Db.class.php 第 425 行.
SQL: SELECT * FROM `3s_ussw_outbound`  [ RunTime:0.000726s ]
NOTIC: [8192] preg_replace(): The /e modifier is deprecated, use preg_replace_callback instead C:\wamp\www\3S\ThinkPHP\Lib\Core\Db.class.php 第 605 行.
SQL: SELECT * FROM `3s_ussw_outbound_item` WHERE ( `outbound_id` = 21 )  [ RunTime:0.000659s ]
NOTIC: [8192] preg_replace(): The /e modifier is deprecated, use preg_replace_callback instead C:\wamp\www\3S\ThinkPHP\Lib\Core\Db.class.php 第 605 行.
SQL: SELECT * FROM `3s_ussw_outbound_item` WHERE ( `outbound_id` = 22 )  [ RunTime:0.000658s ]
NOTIC: [8192] preg_replace(): The /e modifier is deprecated, use preg_replace_callback instead C:\wamp\www\3S\ThinkPHP\Lib\Core\Db.class.php 第 605 行.
SQL: SELECT * FROM `3s_ussw_outbound_item` WHERE ( `outbound_id` = 24 )  [ RunTime:0.000664s ]
NOTIC: [8192] preg_replace(): The /e modifier is deprecated, use preg_replace_callback instead C:\wamp\www\3S\ThinkPHP\Lib\Core\Db.class.php 第 605 行.
SQL: SELECT * FROM `3s_ussw_outbound_item` WHERE ( `outbound_id` = 25 )  [ RunTime:0.000652s ]
NOTIC: [8192] preg_replace(): The /e modifier is deprecated, use preg_replace_callback instead C:\wamp\www\3S\ThinkPHP\Lib\Core\Db.class.php 第 605 行.
SQL: SELECT `tous` FROM `3s_product` WHERE ( `sku` = '1304.03' ) LIMIT 1   [ RunTime:0.000631s ]
NOTIC: [8192] preg_replace(): The /e modifier is deprecated, use preg_replace_callback instead C:\wamp\www\3S\ThinkPHP\Lib\Core\Db.class.php 第 605 行.
NOTIC: [2] Invalid argument supplied for foreach() C:\wamp\www\3S\ThinkPHP\Lib\Core\Db.class.php 第 425 行.
SQL: SELECT * FROM `3s_ussw_outbound`  [ RunTime:0.000743s ]
NOTIC: [8192] preg_replace(): The /e modifier is deprecated, use preg_replace_callback instead C:\wamp\www\3S\ThinkPHP\Lib\Core\Db.class.php 第 605 行.
SQL: SELECT * FROM `3s_ussw_outbound_item` WHERE ( `outbound_id` = 21 )  [ RunTime:0.000673s ]
NOTIC: [8192] preg_replace(): The /e modifier is deprecated, use preg_replace_callback instead C:\wamp\www\3S\ThinkPHP\Lib\Core\Db.class.php 第 605 行.
SQL: SELECT * FROM `3s_ussw_outbound_item` WHERE ( `outbound_id` = 22 )  [ RunTime:0.000661s ]
NOTIC: [8192] preg_replace(): The /e modifier is deprecated, use preg_replace_callback instead C:\wamp\www\3S\ThinkPHP\Lib\Core\Db.class.php 第 605 行.
SQL: SELECT * FROM `3s_ussw_outbound_item` WHERE ( `outbound_id` = 24 )  [ RunTime:0.000669s ]
NOTIC: [8192] preg_replace(): The /e modifier is deprecated, use preg_replace_callback instead C:\wamp\www\3S\ThinkPHP\Lib\Core\Db.class.php 第 605 行.
SQL: SELECT * FROM `3s_ussw_outbound_item` WHERE ( `outbound_id` = 25 )  [ RunTime:0.000647s ]
NOTIC: [8192] preg_replace(): The /e modifier is deprecated, use preg_replace_callback instead C:\wamp\www\3S\ThinkPHP\Lib\Core\Db.class.php 第 605 行.
NOTIC: [2] Invalid argument supplied for foreach() C:\wamp\www\3S\ThinkPHP\Lib\Core\Db.class.php 第 425 行.
SQL: SELECT * FROM `3s_ussw_outbound`  [ RunTime:0.000726s ]
NOTIC: [8192] preg_replace(): The /e modifier is deprecated, use preg_replace_callback instead C:\wamp\www\3S\ThinkPHP\Lib\Core\Db.class.php 第 605 行.
SQL: SELECT * FROM `3s_ussw_outbound_item` WHERE ( `outbound_id` = 21 )  [ RunTime:0.000709s ]
NOTIC: [8192] preg_replace(): The /e modifier is deprecated, use preg_replace_callback instead C:\wamp\www\3S\ThinkPHP\Lib\Core\Db.class.php 第 605 行.
SQL: SELECT * FROM `3s_ussw_outbound_item` WHERE ( `outbound_id` = 22 )  [ RunTime:0.000658s ]
NOTIC: [8192] preg_replace(): The /e modifier is deprecated, use preg_replace_callback instead C:\wamp\www\3S\ThinkPHP\Lib\Core\Db.class.php 第 605 行.
SQL: SELECT * FROM `3s_ussw_outbound_item` WHERE ( `outbound_id` = 24 )  [ RunTime:0.000616s ]
NOTIC: [8192] preg_replace(): The /e modifier is deprecated, use preg_replace_callback instead C:\wamp\www\3S\ThinkPHP\Lib\Core\Db.class.php 第 605 行.
SQL: SELECT * FROM `3s_ussw_outbound_item` WHERE ( `outbound_id` = 25 )  [ RunTime:0.000653s ]
NOTIC: [8192] preg_replace(): The /e modifier is deprecated, use preg_replace_callback instead C:\wamp\www\3S\ThinkPHP\Lib\Core\Db.class.php 第 605 行.
NOTIC: [2] Invalid argument supplied for foreach() C:\wamp\www\3S\ThinkPHP\Lib\Core\Db.class.php 第 425 行.
SQL: SELECT * FROM `3s_ussw_outbound`  [ RunTime:0.000732s ]
NOTIC: [8192] preg_replace(): The /e modifier is deprecated, use preg_replace_callback instead C:\wamp\www\3S\ThinkPHP\Lib\Core\Db.class.php 第 605 行.
SQL: SELECT * FROM `3s_ussw_outbound_item` WHERE ( `outbound_id` = 21 )  [ RunTime:0.000659s ]
NOTIC: [8192] preg_replace(): The /e modifier is deprecated, use preg_replace_callback instead C:\wamp\www\3S\ThinkPHP\Lib\Core\Db.class.php 第 605 行.
SQL: SELECT * FROM `3s_ussw_outbound_item` WHERE ( `outbound_id` = 22 )  [ RunTime:0.000661s ]
NOTIC: [8192] preg_replace(): The /e modifier is deprecated, use preg_replace_callback instead C:\wamp\www\3S\ThinkPHP\Lib\Core\Db.class.php 第 605 行.
SQL: SELECT * FROM `3s_ussw_outbound_item` WHERE ( `outbound_id` = 24 )  [ RunTime:0.000656s ]
NOTIC: [8192] preg_replace(): The /e modifier is deprecated, use preg_replace_callback instead C:\wamp\www\3S\ThinkPHP\Lib\Core\Db.class.php 第 605 行.
SQL: SELECT * FROM `3s_ussw_outbound_item` WHERE ( `outbound_id` = 25 )  [ RunTime:0.000673s ]
NOTIC: [8192] preg_replace(): The /e modifier is deprecated, use preg_replace_callback instead C:\wamp\www\3S\ThinkPHP\Lib\Core\Db.class.php 第 605 行.
SQL: SELECT `tous` FROM `3s_product` WHERE ( `sku` = '1304.02' ) LIMIT 1   [ RunTime:0.000612s ]
NOTIC: [8192] preg_replace(): The /e modifier is deprecated, use preg_replace_callback instead C:\wamp\www\3S\ThinkPHP\Lib\Core\Db.class.php 第 605 行.
NOTIC: [2] Invalid argument supplied for foreach() C:\wamp\www\3S\ThinkPHP\Lib\Core\Db.class.php 第 425 行.
SQL: SELECT * FROM `3s_ussw_outbound`  [ RunTime:0.000739s ]
NOTIC: [8192] preg_replace(): The /e modifier is deprecated, use preg_replace_callback instead C:\wamp\www\3S\ThinkPHP\Lib\Core\Db.class.php 第 605 行.
SQL: SELECT * FROM `3s_ussw_outbound_item` WHERE ( `outbound_id` = 21 )  [ RunTime:0.000641s ]
NOTIC: [8192] preg_replace(): The /e modifier is deprecated, use preg_replace_callback instead C:\wamp\www\3S\ThinkPHP\Lib\Core\Db.class.php 第 605 行.
SQL: SELECT * FROM `3s_ussw_outbound_item` WHERE ( `outbound_id` = 22 )  [ RunTime:0.000650s ]
NOTIC: [8192] preg_replace(): The /e modifier is deprecated, use preg_replace_callback instead C:\wamp\www\3S\ThinkPHP\Lib\Core\Db.class.php 第 605 行.
SQL: SELECT * FROM `3s_ussw_outbound_item` WHERE ( `outbound_id` = 24 )  [ RunTime:0.000657s ]
NOTIC: [8192] preg_replace(): The /e modifier is deprecated, use preg_replace_callback instead C:\wamp\www\3S\ThinkPHP\Lib\Core\Db.class.php 第 605 行.
SQL: SELECT * FROM `3s_ussw_outbound_item` WHERE ( `outbound_id` = 25 )  [ RunTime:0.000673s ]
NOTIC: [8] Undefined index:  C:\wamp\www\3S\App\Lib\Action\Storage\RestockAction.class.php 第 223 行.
NOTIC: [8192] preg_replace(): The /e modifier is deprecated, use preg_replace_callback instead C:\wamp\www\3S\ThinkPHP\Lib\Core\Db.class.php 第 605 行.
NOTIC: [2] Invalid argument supplied for foreach() C:\wamp\www\3S\ThinkPHP\Lib\Core\Db.class.php 第 425 行.
SQL: SELECT * FROM `3s_ussw_outbound`  [ RunTime:0.000726s ]
NOTIC: [8192] preg_replace(): The /e modifier is deprecated, use preg_replace_callback instead C:\wamp\www\3S\ThinkPHP\Lib\Core\Db.class.php 第 605 行.
SQL: SELECT * FROM `3s_ussw_outbound_item` WHERE ( `outbound_id` = 21 )  [ RunTime:0.000670s ]
NOTIC: [8192] preg_replace(): The /e modifier is deprecated, use preg_replace_callback instead C:\wamp\www\3S\ThinkPHP\Lib\Core\Db.class.php 第 605 行.
SQL: SELECT * FROM `3s_ussw_outbound_item` WHERE ( `outbound_id` = 22 )  [ RunTime:0.000671s ]
NOTIC: [8192] preg_replace(): The /e modifier is deprecated, use preg_replace_callback instead C:\wamp\www\3S\ThinkPHP\Lib\Core\Db.class.php 第 605 行.
SQL: SELECT * FROM `3s_ussw_outbound_item` WHERE ( `outbound_id` = 24 )  [ RunTime:0.000648s ]
NOTIC: [8192] preg_replace(): The /e modifier is deprecated, use preg_replace_callback instead C:\wamp\www\3S\ThinkPHP\Lib\Core\Db.class.php 第 605 行.
SQL: SELECT * FROM `3s_ussw_outbound_item` WHERE ( `outbound_id` = 25 )  [ RunTime:0.000678s ]

